#
# A fatal error has been detected by the Java Runtime Environment:
#
#  SIGSEGV (0xb) at pc=0x000075bfd5d790dc, pid=16475, tid=16476
#
# JRE version: OpenJDK Runtime Environment JBR-21.0.6+8-631.39-jcef (21.0.6+8) (build 21.0.6+8-b631.39)
# Java VM: OpenJDK 64-Bit Server VM JBR-21.0.6+8-631.39-jcef (21.0.6+8-b631.39, mixed mode, sharing, tiered, compressed oops, compressed class ptrs, g1 gc, linux-amd64)
# Problematic frame:
# V  [libjvm.so+0x6ea0dc]  DependencyContext::mark_dependent_nmethods(DeoptimizationScope*, DepChange&)+0x3c
#
# Core dump will be written. Default location: Core dumps may be processed with "/usr/share/apport/apport -p%p -s%s -c%c -d%d -P%P -u%u -g%g -- %E" (or dumping to /home/anubhav/Project/bfhl-backend/core.16475)
#
# If you would like to submit a bug report, please visit:
#   https://youtrack.jetbrains.com/issues/JBR
#

---------------  S U M M A R Y ------------

Command Line: -Dawt.toolkit.name=XToolkit git4idea.http.GitAskPassApp Password for 'https://anubhavraj687@github.com': 

Host: 11th Gen Intel(R) Core(TM) i3-1125G4 @ 2.00GHz, 8 cores, 7G, Ubuntu 24.04.2 LTS
Time: Sun Feb 23 00:32:38 2025 IST elapsed time: 0.325887 seconds (0d 0h 0m 0s)

---------------  T H R E A D  ---------------

Current thread (0x000075bfd002b120):  JavaThread "main"             [_thread_in_vm, id=16476, stack(0x000075bfd54a1000,0x000075bfd55a1000) (1024K)]

Stack: [0x000075bfd54a1000,0x000075bfd55a1000],  sp=0x000075bfd559e230,  free space=1012k
Native frames: (J=compiled Java code, j=interpreted, Vv=VM code, C=native code)
V  [libjvm.so+0x6ea0dc]  DependencyContext::mark_dependent_nmethods(DeoptimizationScope*, DepChange&)+0x3c
V  [libjvm.so+0x8e2611]  InstanceKlass::mark_dependent_nmethods(DeoptimizationScope*, KlassDepChange&)+0x31
V  [libjvm.so+0x649337]  CodeCache::mark_dependents_on(DeoptimizationScope*, InstanceKlass*)+0x117
V  [libjvm.so+0x8e072b]  InstanceKlass::add_to_hierarchy_impl(JavaThread*)+0xdb
V  [libjvm.so+0xf30b30]  SystemDictionary::define_instance_class(InstanceKlass*, InstanceKlass*, Handle, JavaThread*)+0x1e0
V  [libjvm.so+0xf30f60]  SystemDictionary::find_or_define_helper(Symbol*, Handle, InstanceKlass*, JavaThread*)+0xf0
V  [libjvm.so+0xf33713]  SystemDictionary::load_instance_class_impl(Symbol*, Handle, JavaThread*)+0x493
V  [libjvm.so+0xf3185c]  SystemDictionary::load_instance_class(Symbol*, Handle, JavaThread*)+0x1c
V  [libjvm.so+0xf32142]  SystemDictionary::resolve_instance_class_or_null(Symbol*, Handle, Handle, JavaThread*)+0x762
V  [libjvm.so+0xf3383e]  SystemDictionary::resolve_or_fail(Symbol*, Handle, Handle, bool, JavaThread*)+0x5e
V  [libjvm.so+0x6a1893]  ConstantPool::klass_at_impl(constantPoolHandle const&, int, JavaThread*)+0x153
V  [libjvm.so+0x9095a2]  InterpreterRuntime::ldc(JavaThread*, bool)+0x142
j  java.util.concurrent.ForkJoinTask.<clinit>()V+37 java.base@21.0.6
v  ~StubRoutines::call_stub 0x000075bfc4537cc6
V  [libjvm.so+0x9141b5]  JavaCalls::call_helper(JavaValue*, methodHandle const&, JavaCallArguments*, JavaThread*)+0x2e5
V  [libjvm.so+0x8eb2b5]  InstanceKlass::call_class_initializer(JavaThread*)+0x2b5
V  [libjvm.so+0x8ed558]  InstanceKlass::initialize_impl(JavaThread*)+0x728
V  [libjvm.so+0x8ed7e5]  InstanceKlass::initialize_impl(JavaThread*)+0x9b5
V  [libjvm.so+0x8ed7e5]  InstanceKlass::initialize_impl(JavaThread*)+0x9b5
V  [libjvm.so+0x8ed7e5]  InstanceKlass::initialize_impl(JavaThread*)+0x9b5
V  [libjvm.so+0x909160]  InterpreterRuntime::_new(JavaThread*, ConstantPool*, int)+0x140
j  java.util.concurrent.CompletableFuture.uniComposeStage(Ljava/util/concurrent/Executor;Ljava/util/function/Function;)Ljava/util/concurrent/CompletableFuture;+28 java.base@21.0.6
j  java.util.concurrent.CompletableFuture.thenCompose(Ljava/util/function/Function;)Ljava/util/concurrent/CompletableFuture;+3 java.base@21.0.6
j  jdk.internal.net.http.MultiExchange.responseAsync0(Ljava/util/concurrent/CompletableFuture;)Ljava/util/concurrent/CompletableFuture;+7 java.net.http@21.0.6
j  jdk.internal.net.http.MultiExchange.responseAsync(Ljava/util/concurrent/Executor;)Ljava/util/concurrent/CompletableFuture;+18 java.net.http@21.0.6
j  jdk.internal.net.http.HttpClientImpl.sendAsync(Ljava/net/http/HttpRequest;Ljava/net/http/HttpResponse$BodyHandler;Ljava/net/http/HttpResponse$PushPromiseHandler;Ljava/util/concurrent/Executor;)Ljava/util/concurrent/CompletableFuture;+246 java.net.http@21.0.6
j  jdk.internal.net.http.HttpClientImpl.send(Ljava/net/http/HttpRequest;Ljava/net/http/HttpResponse$BodyHandler;)Ljava/net/http/HttpResponse;+21 java.net.http@21.0.6
j  jdk.internal.net.http.HttpClientFacade.send(Ljava/net/http/HttpRequest;Ljava/net/http/HttpResponse$BodyHandler;)Ljava/net/http/HttpResponse;+6 java.net.http@21.0.6
j  externalApp.ExternalAppUtil.sendIdeRequest(Ljava/lang/String;ILjava/lang/String;Ljava/lang/String;)LexternalApp/ExternalAppUtil$Result;+168
j  git4idea.http.GitAskPassApp.main([Ljava/lang/String;)V+37
v  ~StubRoutines::call_stub 0x000075bfc4537cc6
V  [libjvm.so+0x9141b5]  JavaCalls::call_helper(JavaValue*, methodHandle const&, JavaCallArguments*, JavaThread*)+0x2e5
V  [libjvm.so+0x9bb6d2]  jni_invoke_static(JNIEnv_*, JavaValue*, _jobject*, JNICallType, _jmethodID*, JNI_ArgumentPusher*, JavaThread*) [clone .constprop.1]+0x332
V  [libjvm.so+0x9bdbeb]  jni_CallStaticVoidMethod+0x12b
C  [libjli.so+0x5266]  JavaMain+0xf46
C  [libjli.so+0x8059]  ThreadJavaMain+0x9
C  [libc.so.6+0x9caa4]
Java frames: (J=compiled Java code, j=interpreted, Vv=VM code)
j  java.util.concurrent.ForkJoinTask.<clinit>()V+37 java.base@21.0.6
v  ~StubRoutines::call_stub 0x000075bfc4537cc6
j  java.util.concurrent.CompletableFuture.uniComposeStage(Ljava/util/concurrent/Executor;Ljava/util/function/Function;)Ljava/util/concurrent/CompletableFuture;+28 java.base@21.0.6
j  java.util.concurrent.CompletableFuture.thenCompose(Ljava/util/function/Function;)Ljava/util/concurrent/CompletableFuture;+3 java.base@21.0.6
j  jdk.internal.net.http.MultiExchange.responseAsync0(Ljava/util/concurrent/CompletableFuture;)Ljava/util/concurrent/CompletableFuture;+7 java.net.http@21.0.6
j  jdk.internal.net.http.MultiExchange.responseAsync(Ljava/util/concurrent/Executor;)Ljava/util/concurrent/CompletableFuture;+18 java.net.http@21.0.6
j  jdk.internal.net.http.HttpClientImpl.sendAsync(Ljava/net/http/HttpRequest;Ljava/net/http/HttpResponse$BodyHandler;Ljava/net/http/HttpResponse$PushPromiseHandler;Ljava/util/concurrent/Executor;)Ljava/util/concurrent/CompletableFuture;+246 java.net.http@21.0.6
j  jdk.internal.net.http.HttpClientImpl.send(Ljava/net/http/HttpRequest;Ljava/net/http/HttpResponse$BodyHandler;)Ljava/net/http/HttpResponse;+21 java.net.http@21.0.6
j  jdk.internal.net.http.HttpClientFacade.send(Ljava/net/http/HttpRequest;Ljava/net/http/HttpResponse$BodyHandler;)Ljava/net/http/HttpResponse;+6 java.net.http@21.0.6
j  externalApp.ExternalAppUtil.sendIdeRequest(Ljava/lang/String;ILjava/lang/String;Ljava/lang/String;)LexternalApp/ExternalAppUtil$Result;+168
j  git4idea.http.GitAskPassApp.main([Ljava/lang/String;)V+37
v  ~StubRoutines::call_stub 0x000075bfc4537cc6

siginfo: si_signo: 11 (SIGSEGV), si_code: 1 (SEGV_MAPERR), si_addr: 0x0000000040000000

Registers:
RAX=0x0000000000000000, RBX=0x000075bfd559e360, RCX=0x0000000000000000, RDX=0x000075bf5b36ed08
RSP=0x000075bfd559e230, RBP=0x000075bfd559e330, RSI=0x000075bfd559e3e8, RDI=0x000075bfd559e340
R8 =0x0000000000000002, R9 =0x0000000000000000, R10=0x0000000000000000, R11=0x0000000000000000
R12=0x000075bfd559e340, R13=0x000075bfd559e370, R14=0x000075bfd559e3e8, R15=0x0000000040000000
RIP=0x000075bfd5d790dc, EFLAGS=0x0000000000010206, CSGSFS=0x002b000000000033, ERR=0x0000000000000004
  TRAPNO=0x000000000000000e

XMM[0]=0x000075bf5b36ed10 0x000075bf5b36ed08
XMM[1]=0x0000000000000000 0x000075bf5b36ed10
XMM[2]=0x0000000000000000 0x000075bfc453ea90
XMM[3]=0x000075bfd559eae0 0x0000000000000000
XMM[4]=0x0000000000000000 0x000075bfd002b120
XMM[5]=0x3b726f7475636578 0x452f746e65727275
XMM[6]=0x0000000000000000 0x000075bfd002b120
XMM[7]=0x0000003e00000041 0x0000004400000047
XMM[8]=0x000075bfd02bb757 0x000075bfd02bb754
XMM[9]=0x000075bfd02bb61a 0x000075bfd02bb617
XMM[10]=0x0000000000000000 0x000000002bfa93ac
XMM[11]=0x636e6f632f6c6974 0x752f6176616a4c28
XMM[12]=0x0000000000000000 0x00000000b0f392fb
XMM[13]=0x0000000000000000 0x0000000000000000
XMM[14]=0x0000000000000000 0x0000000000000000
XMM[15]=0x0000000000000000 0x0000000000000000
  MXCSR=0x00001fa0


Register to memory mapping:

RAX=0x0 is null
RBX=0x000075bfd559e360 is pointing into the stack for thread: 0x000075bfd002b120
RCX=0x0 is null
RDX=0x000075bf5b36ed08 is pointing into metadata
RSP=0x000075bfd559e230 is pointing into the stack for thread: 0x000075bfd002b120
RBP=0x000075bfd559e330 is pointing into the stack for thread: 0x000075bfd002b120
RSI=0x000075bfd559e3e8 is pointing into the stack for thread: 0x000075bfd002b120
RDI=0x000075bfd559e340 is pointing into the stack for thread: 0x000075bfd002b120
R8 =0x0000000000000002 is an unknown value
R9 =0x0 is null
R10=0x0 is null
R11=0x0 is null
R12=0x000075bfd559e340 is pointing into the stack for thread: 0x000075bfd002b120
R13=0x000075bfd559e370 is pointing into the stack for thread: 0x000075bfd002b120
R14=0x000075bfd559e3e8 is pointing into the stack for thread: 0x000075bfd002b120
R15=0x0000000040000000 is an unknown value

Top of Stack: (sp=0x000075bfd559e230)
0x000075bfd559e230:   0000000000000000 0000000000000000
0x000075bfd559e240:   0000000000000000 0000000000000000
0x000075bfd559e250:   000075bfd01430a0 0000000000000000
0x000075bfd559e260:   000075bfd559e2b0 000075bfd6221358
0x000075bfd559e270:   000075bfd6bbb978 000075bfd6bbb980
0x000075bfd559e280:   000075bfd559e360 000075bf5b36eb98
0x000075bfd559e290:   000075bf5b63c6a0 000075bfd002b120
0x000075bfd559e2a0:   000075bfd01318b0 000075bfd6bbb978
0x000075bfd559e2b0:   000075bfd559e310 000075bfd6221af2
0x000075bfd559e2c0:   0000000000000000 0000000000000000
0x000075bfd559e2d0:   000075bfd559e360 000075bfd62e4a08
0x000075bfd559e2e0:   0000000000000000 000075bfd002b820
0x000075bfd559e2f0:   000075bf5b36eb98 1ab66e0ef23baa00
0x000075bfd559e300:   000075bfd559e360 000075bfd559e3e8
0x000075bfd559e310:   000075bfd559e360 000075bfd559e370
0x000075bfd559e320:   000075bfd6bbc0f8 000075bfd6a8ff78
0x000075bfd559e330:   000075bfd559e350 000075bfd5f71611
0x000075bfd559e340:   000075bf5b36ed08 000075bf5b36ed10
0x000075bfd559e350:   000075bfd559e3d0 000075bfd5cd8337
0x000075bfd559e360:   000075bfd6a8ff78 000075bf5b36eb98
0x000075bfd559e370:   000075bfd559e360 0000000000000001
0x000075bfd559e380:   000075bf5b36eb98 000075bf5b6a8a18
0x000075bfd559e390:   0000000000000000 000075bfd5cb835d
0x000075bfd559e3a0:   000075bfd559e3d0 000075bf5b36eb98
0x000075bfd559e3b0:   000075bf5b36eb98 0000000000000000
0x000075bfd559e3c0:   000075bfd559e3e8 000075bfd6bbbf78
0x000075bfd559e3d0:   000075bfd559e420 000075bfd5f6f72b
0x000075bfd559e3e0:   000075bfd559e400 0000000000000001
0x000075bfd559e3f0:   000075bfd01318b0 000075bf5b36eb98
0x000075bfd559e400:   000075bfd002b120 0000000000000000
0x000075bfd559e410:   0000000000000000 000075bfd01318b0
0x000075bfd559e420:   000075bfd559e550 000075bfd65bfb30 

Instructions: (pc=0x000075bfd5d790dc)
0x000075bfd5d78fdc:   1f 44 00 00 48 c7 05 6d d2 e1 00 00 00 00 00 c3
0x000075bfd5d78fec:   0f 1f 40 00 55 48 89 e5 41 55 4c 8d 6f 08 41 54
0x000075bfd5d78ffc:   53 48 89 fb 48 83 ec 08 0f 1f 40 00 4c 8b 63 08
0x000075bfd5d7900c:   4d 85 e4 74 3e 49 8b 3c 24 48 8b 07 ff 90 00 02
0x000075bfd5d7901c:   00 00 84 c0 74 2d 49 8b 54 24 08 48 8b 43 08 49
0x000075bfd5d7902c:   39 c4 75 d8 4c 89 e0 f0 49 0f b1 55 00 49 39 c4
0x000075bfd5d7903c:   75 ca 4c 89 e7 e8 5a f6 ff ff 4c 8b 63 08 4d 85
0x000075bfd5d7904c:   e4 75 c2 48 83 c4 08 4c 89 e0 5b 41 5c 41 5d 5d
0x000075bfd5d7905c:   c3 90 66 90 48 8b 47 08 c3 90 66 2e 0f 1f 84 00
0x000075bfd5d7906c:   00 00 00 00 48 89 77 08 c3 90 66 2e 0f 1f 84 00
0x000075bfd5d7907c:   00 00 00 00 48 8b 47 10 c3 90 66 2e 0f 1f 84 00
0x000075bfd5d7908c:   00 00 00 00 48 89 77 10 c3 90 66 2e 0f 1f 84 00
0x000075bfd5d7909c:   00 00 00 00 55 48 89 e5 41 57 41 56 49 89 f6 41
0x000075bfd5d790ac:   55 41 54 49 89 fc 53 48 89 d3 48 81 ec d8 00 00
0x000075bfd5d790bc:   00 64 48 8b 04 25 28 00 00 00 48 89 45 c8 31 c0
0x000075bfd5d790cc:   49 8b 14 24 4c 8b 3a 4d 85 ff 0f 84 b4 00 00 00
0x000075bfd5d790dc:   49 8b 3f 48 8b 07 ff 90 00 02 00 00 84 c0 74 2f
0x000075bfd5d790ec:   49 8b 4f 08 49 8b 14 24 48 8b 02 49 39 c7 75 d4
0x000075bfd5d790fc:   4c 89 f8 f0 48 0f b1 0a 49 39 c7 75 c3 4c 89 ff
0x000075bfd5d7910c:   e8 8f f5 ff ff eb b9 0f 1f 44 00 00 4d 89 e7 4d
0x000075bfd5d7911c:   8b 2f 41 0f b6 45 5f 84 c0 0f 84 8d 00 00 00 4c
0x000075bfd5d7912c:   89 ee 4c 89 f7 e8 1a a3 fe ff 4d 8d 6f 08 66 0f
0x000075bfd5d7913c:   1f 44 00 00 4d 8b 67 08 4d 85 e4 74 47 49 8b 3c
0x000075bfd5d7914c:   24 48 8b 07 ff 90 00 02 00 00 84 c0 74 be 49 8b
0x000075bfd5d7915c:   54 24 08 49 8b 47 08 49 39 c4 75 d8 4c 89 e0 f0
0x000075bfd5d7916c:   49 0f b1 55 00 49 39 c4 75 ca 4c 89 e7 e8 22 f5
0x000075bfd5d7917c:   ff ff 4d 8b 67 08 4d 85 e4 75 c2 66 0f 1f 84 00
0x000075bfd5d7918c:   00 00 00 00 48 8b 45 c8 64 48 2b 04 25 28 00 00
0x000075bfd5d7919c:   00 0f 85 d4 01 00 00 48 81 c4 d8 00 00 00 5b 41
0x000075bfd5d791ac:   5c 41 5d 41 5e 41 5f 5d c3 0f 1f 00 48 89 de 4c
0x000075bfd5d791bc:   89 ef e8 0d 8d 5d 00 84 c0 0f 84 6b ff ff ff 48
0x000075bfd5d791cc:   8b 05 2e 65 e1 00 48 85 c0 0f 84 65 01 00 00 66 


Stack slot to memory mapping:

stack at sp + 0 slots: 0x0 is null
stack at sp + 1 slots: 0x0 is null
stack at sp + 2 slots: 0x0 is null
stack at sp + 3 slots: 0x0 is null
stack at sp + 4 slots: 0x000075bfd01430a0 points into unknown readable memory: 0x0000000000000000 | 00 00 00 00 00 00 00 00
stack at sp + 5 slots: 0x0 is null
stack at sp + 6 slots: 0x000075bfd559e2b0 is pointing into the stack for thread: 0x000075bfd002b120
stack at sp + 7 slots: 0x000075bfd6221358: <offset 0x0000000000b92358> in /snap/intellij-idea-ultimate/573/jbr/lib/server/libjvm.so at 0x000075bfd568f000


---------------  P R O C E S S  ---------------

Threads class SMR info:
_java_thread_list=0x000075bfd02a2610, length=11, elements={
0x000075bfd002b120, 0x000075bfd015c360, 0x000075bfd015d8c0, 0x000075bfd015f050,
0x000075bfd0160680, 0x000075bfd0161c10, 0x000075bfd0163740, 0x000075bfd0164df0,
0x000075bfd0171a00, 0x000075bfd0174cc0, 0x000075bfd02a1730
}

Java Threads: ( => current thread )
=>0x000075bfd002b120 JavaThread "main"                              [_thread_in_vm, id=16476, stack(0x000075bfd54a1000,0x000075bfd55a1000) (1024K)]
  0x000075bfd015c360 JavaThread "Reference Handler"          daemon [_thread_blocked, id=16484, stack(0x000075bfb81da000,0x000075bfb82da000) (1024K)]
  0x000075bfd015d8c0 JavaThread "Finalizer"                  daemon [_thread_blocked, id=16485, stack(0x000075bfb80da000,0x000075bfb81da000) (1024K)]
  0x000075bfd015f050 JavaThread "Signal Dispatcher"          daemon [_thread_blocked, id=16486, stack(0x000075bfb3900000,0x000075bfb3a00000) (1024K)]
  0x000075bfd0160680 JavaThread "Service Thread"             daemon [_thread_blocked, id=16487, stack(0x000075bfb3800000,0x000075bfb3900000) (1024K)]
  0x000075bfd0161c10 JavaThread "Monitor Deflation Thread"   daemon [_thread_blocked, id=16488, stack(0x000075bfb3700000,0x000075bfb3800000) (1024K)]
  0x000075bfd0163740 JavaThread "C2 CompilerThread0"         daemon [_thread_blocked, id=16489, stack(0x000075bfb3600000,0x000075bfb3700000) (1024K)]
  0x000075bfd0164df0 JavaThread "C1 CompilerThread0"         daemon [_thread_blocked, id=16490, stack(0x000075bfb3500000,0x000075bfb3600000) (1024K)]
  0x000075bfd0171a00 JavaThread "Notification Thread"        daemon [_thread_blocked, id=16491, stack(0x000075bfb3400000,0x000075bfb3500000) (1024K)]
  0x000075bfd0174cc0 JavaThread "Common-Cleaner"             daemon [_thread_blocked, id=16492, stack(0x000075bfb3300000,0x000075bfb3400000) (1024K)]
  0x000075bfd02a1730 JavaThread "HttpClient-1-SelectorManager" daemon [_thread_in_native, id=16493, stack(0x000075bfb3200000,0x000075bfb3300000) (1024K)]
Total: 11

Other Threads:
  0x000075bfd0152220 VMThread "VM Thread"                           [id=16483, stack(0x000075bfb82db000,0x000075bfb83db000) (1024K)]
  0x000075bfd0140540 WatcherThread "VM Periodic Task Thread"        [id=16482, stack(0x000075bfb83dc000,0x000075bfb84dc000) (1024K)]
  0x000075bfd0081e70 WorkerThread "GC Thread#0"                     [id=16477, stack(0x000075bfd416e000,0x000075bfd426e000) (1024K)]
  0x000075bfd0092580 ConcurrentGCThread "G1 Main Marker"            [id=16478, stack(0x000075bfd406d000,0x000075bfd416d000) (1024K)]
  0x000075bfd0093520 WorkerThread "G1 Conc#0"                       [id=16479, stack(0x000075bfbb0e0000,0x000075bfbb1e0000) (1024K)]
  0x000075bfd0124b80 ConcurrentGCThread "G1 Refine#0"               [id=16480, stack(0x000075bfb86f8000,0x000075bfb87f8000) (1024K)]
  0x000075bfd0125b30 ConcurrentGCThread "G1 Service"                [id=16481, stack(0x000075bfb85f7000,0x000075bfb86f7000) (1024K)]
Total: 7

Threads with active compile tasks:
C1 CompilerThread0  334  664       3       java.lang.invoke.DirectMethodHandle::<init> (148 bytes)
Total: 1

VM state: not at safepoint (normal execution)

VM Mutex/Monitor currently owned by a thread:  ([mutex/lock_event])
[0x000075bfd6bbd578] MethodCompileQueue_lock - owner thread: 0x000075bfd0164df0
[0x000075bfd6bbc0f8] CodeCache_lock - owner thread: 0x000075bfd002b120
[0x000075bfd6bbbf78] Compile_lock - owner thread: 0x000075bfd002b120

Heap address: 0x0000000087800000, size: 1928 MB, Compressed Oops mode: 32-bit

CDS archive(s) mapped at: [0x000075bf5b000000-0x000075bf5bd2e000-0x000075bf5bd2e000), size 13819904, SharedBaseAddress: 0x000075bf5b000000, ArchiveRelocationMode: 1.
Compressed class space mapped at: 0x000075bf5c000000-0x000075bf9c000000, reserved size: 1073741824
Narrow klass base: 0x000075bf5b000000, Narrow klass shift: 0, Narrow klass range: 0x100000000

GC Precious Log:
 CardTable entry size: 512
 Card Set container configuration: InlinePtr #cards 5 size 8 Array Of Cards #cards 12 size 40 Howl #buckets 4 coarsen threshold 1843 Howl Bitmap #cards 512 size 80 coarsen threshold 460 Card regions per heap region 1 cards per card region 2048
 CPUs: 8 total, 8 available
 Memory: 7709M
 Large Page Support: Disabled
 NUMA Support: Disabled
 Compressed Oops: Enabled (32-bit)
 Heap Region Size: 1M
 Heap Min Capacity: 8M
 Heap Initial Capacity: 122M
 Heap Max Capacity: 1928M
 Pre-touch: Disabled
 Parallel Workers: 8
 Concurrent Workers: 2
 Concurrent Refinement Workers: 8
 Periodic GC: Disabled

Heap:
 garbage-first heap   total 126976K, used 8238K [0x0000000087800000, 0x0000000100000000)
  region size 1024K, 9 young (9216K), 0 survivors (0K)
 Metaspace       used 5584K, committed 5760K, reserved 1114112K
  class space    used 601K, committed 704K, reserved 1048576K

Heap Regions: E=young(eden), S=young(survivor), O=old, HS=humongous(starts), HC=humongous(continues), CS=collection set, F=free, TAMS=top-at-mark-start, PB=parsable bottom
|   0|0x0000000087800000, 0x0000000087800000, 0x0000000087900000|  0%| F|  |TAMS 0x0000000087800000| PB 0x0000000087800000| Untracked 
|   1|0x0000000087900000, 0x0000000087900000, 0x0000000087a00000|  0%| F|  |TAMS 0x0000000087900000| PB 0x0000000087900000| Untracked 
|   2|0x0000000087a00000, 0x0000000087a00000, 0x0000000087b00000|  0%| F|  |TAMS 0x0000000087a00000| PB 0x0000000087a00000| Untracked 
|   3|0x0000000087b00000, 0x0000000087b00000, 0x0000000087c00000|  0%| F|  |TAMS 0x0000000087b00000| PB 0x0000000087b00000| Untracked 
|   4|0x0000000087c00000, 0x0000000087c00000, 0x0000000087d00000|  0%| F|  |TAMS 0x0000000087c00000| PB 0x0000000087c00000| Untracked 
|   5|0x0000000087d00000, 0x0000000087d00000, 0x0000000087e00000|  0%| F|  |TAMS 0x0000000087d00000| PB 0x0000000087d00000| Untracked 
|   6|0x0000000087e00000, 0x0000000087e00000, 0x0000000087f00000|  0%| F|  |TAMS 0x0000000087e00000| PB 0x0000000087e00000| Untracked 
|   7|0x0000000087f00000, 0x0000000087f00000, 0x0000000088000000|  0%| F|  |TAMS 0x0000000087f00000| PB 0x0000000087f00000| Untracked 
|   8|0x0000000088000000, 0x0000000088000000, 0x0000000088100000|  0%| F|  |TAMS 0x0000000088000000| PB 0x0000000088000000| Untracked 
|   9|0x0000000088100000, 0x0000000088100000, 0x0000000088200000|  0%| F|  |TAMS 0x0000000088100000| PB 0x0000000088100000| Untracked 
|  10|0x0000000088200000, 0x0000000088200000, 0x0000000088300000|  0%| F|  |TAMS 0x0000000088200000| PB 0x0000000088200000| Untracked 
|  11|0x0000000088300000, 0x0000000088300000, 0x0000000088400000|  0%| F|  |TAMS 0x0000000088300000| PB 0x0000000088300000| Untracked 
|  12|0x0000000088400000, 0x0000000088400000, 0x0000000088500000|  0%| F|  |TAMS 0x0000000088400000| PB 0x0000000088400000| Untracked 
|  13|0x0000000088500000, 0x0000000088500000, 0x0000000088600000|  0%| F|  |TAMS 0x0000000088500000| PB 0x0000000088500000| Untracked 
|  14|0x0000000088600000, 0x0000000088600000, 0x0000000088700000|  0%| F|  |TAMS 0x0000000088600000| PB 0x0000000088600000| Untracked 
|  15|0x0000000088700000, 0x0000000088700000, 0x0000000088800000|  0%| F|  |TAMS 0x0000000088700000| PB 0x0000000088700000| Untracked 
|  16|0x0000000088800000, 0x0000000088800000, 0x0000000088900000|  0%| F|  |TAMS 0x0000000088800000| PB 0x0000000088800000| Untracked 
|  17|0x0000000088900000, 0x0000000088900000, 0x0000000088a00000|  0%| F|  |TAMS 0x0000000088900000| PB 0x0000000088900000| Untracked 
|  18|0x0000000088a00000, 0x0000000088a00000, 0x0000000088b00000|  0%| F|  |TAMS 0x0000000088a00000| PB 0x0000000088a00000| Untracked 
|  19|0x0000000088b00000, 0x0000000088b00000, 0x0000000088c00000|  0%| F|  |TAMS 0x0000000088b00000| PB 0x0000000088b00000| Untracked 
|  20|0x0000000088c00000, 0x0000000088c00000, 0x0000000088d00000|  0%| F|  |TAMS 0x0000000088c00000| PB 0x0000000088c00000| Untracked 
|  21|0x0000000088d00000, 0x0000000088d00000, 0x0000000088e00000|  0%| F|  |TAMS 0x0000000088d00000| PB 0x0000000088d00000| Untracked 
|  22|0x0000000088e00000, 0x0000000088e00000, 0x0000000088f00000|  0%| F|  |TAMS 0x0000000088e00000| PB 0x0000000088e00000| Untracked 
|  23|0x0000000088f00000, 0x0000000088f00000, 0x0000000089000000|  0%| F|  |TAMS 0x0000000088f00000| PB 0x0000000088f00000| Untracked 
|  24|0x0000000089000000, 0x0000000089000000, 0x0000000089100000|  0%| F|  |TAMS 0x0000000089000000| PB 0x0000000089000000| Untracked 
|  25|0x0000000089100000, 0x0000000089100000, 0x0000000089200000|  0%| F|  |TAMS 0x0000000089100000| PB 0x0000000089100000| Untracked 
|  26|0x0000000089200000, 0x0000000089200000, 0x0000000089300000|  0%| F|  |TAMS 0x0000000089200000| PB 0x0000000089200000| Untracked 
|  27|0x0000000089300000, 0x0000000089300000, 0x0000000089400000|  0%| F|  |TAMS 0x0000000089300000| PB 0x0000000089300000| Untracked 
|  28|0x0000000089400000, 0x0000000089400000, 0x0000000089500000|  0%| F|  |TAMS 0x0000000089400000| PB 0x0000000089400000| Untracked 
|  29|0x0000000089500000, 0x0000000089500000, 0x0000000089600000|  0%| F|  |TAMS 0x0000000089500000| PB 0x0000000089500000| Untracked 
|  30|0x0000000089600000, 0x0000000089600000, 0x0000000089700000|  0%| F|  |TAMS 0x0000000089600000| PB 0x0000000089600000| Untracked 
|  31|0x0000000089700000, 0x0000000089700000, 0x0000000089800000|  0%| F|  |TAMS 0x0000000089700000| PB 0x0000000089700000| Untracked 
|  32|0x0000000089800000, 0x0000000089800000, 0x0000000089900000|  0%| F|  |TAMS 0x0000000089800000| PB 0x0000000089800000| Untracked 
|  33|0x0000000089900000, 0x0000000089900000, 0x0000000089a00000|  0%| F|  |TAMS 0x0000000089900000| PB 0x0000000089900000| Untracked 
|  34|0x0000000089a00000, 0x0000000089a00000, 0x0000000089b00000|  0%| F|  |TAMS 0x0000000089a00000| PB 0x0000000089a00000| Untracked 
|  35|0x0000000089b00000, 0x0000000089b00000, 0x0000000089c00000|  0%| F|  |TAMS 0x0000000089b00000| PB 0x0000000089b00000| Untracked 
|  36|0x0000000089c00000, 0x0000000089c00000, 0x0000000089d00000|  0%| F|  |TAMS 0x0000000089c00000| PB 0x0000000089c00000| Untracked 
|  37|0x0000000089d00000, 0x0000000089d00000, 0x0000000089e00000|  0%| F|  |TAMS 0x0000000089d00000| PB 0x0000000089d00000| Untracked 
|  38|0x0000000089e00000, 0x0000000089e00000, 0x0000000089f00000|  0%| F|  |TAMS 0x0000000089e00000| PB 0x0000000089e00000| Untracked 
|  39|0x0000000089f00000, 0x0000000089f00000, 0x000000008a000000|  0%| F|  |TAMS 0x0000000089f00000| PB 0x0000000089f00000| Untracked 
|  40|0x000000008a000000, 0x000000008a000000, 0x000000008a100000|  0%| F|  |TAMS 0x000000008a000000| PB 0x000000008a000000| Untracked 
|  41|0x000000008a100000, 0x000000008a100000, 0x000000008a200000|  0%| F|  |TAMS 0x000000008a100000| PB 0x000000008a100000| Untracked 
|  42|0x000000008a200000, 0x000000008a200000, 0x000000008a300000|  0%| F|  |TAMS 0x000000008a200000| PB 0x000000008a200000| Untracked 
|  43|0x000000008a300000, 0x000000008a300000, 0x000000008a400000|  0%| F|  |TAMS 0x000000008a300000| PB 0x000000008a300000| Untracked 
|  44|0x000000008a400000, 0x000000008a400000, 0x000000008a500000|  0%| F|  |TAMS 0x000000008a400000| PB 0x000000008a400000| Untracked 
|  45|0x000000008a500000, 0x000000008a500000, 0x000000008a600000|  0%| F|  |TAMS 0x000000008a500000| PB 0x000000008a500000| Untracked 
|  46|0x000000008a600000, 0x000000008a600000, 0x000000008a700000|  0%| F|  |TAMS 0x000000008a600000| PB 0x000000008a600000| Untracked 
|  47|0x000000008a700000, 0x000000008a700000, 0x000000008a800000|  0%| F|  |TAMS 0x000000008a700000| PB 0x000000008a700000| Untracked 
|  48|0x000000008a800000, 0x000000008a800000, 0x000000008a900000|  0%| F|  |TAMS 0x000000008a800000| PB 0x000000008a800000| Untracked 
|  49|0x000000008a900000, 0x000000008a900000, 0x000000008aa00000|  0%| F|  |TAMS 0x000000008a900000| PB 0x000000008a900000| Untracked 
|  50|0x000000008aa00000, 0x000000008aa00000, 0x000000008ab00000|  0%| F|  |TAMS 0x000000008aa00000| PB 0x000000008aa00000| Untracked 
|  51|0x000000008ab00000, 0x000000008ab00000, 0x000000008ac00000|  0%| F|  |TAMS 0x000000008ab00000| PB 0x000000008ab00000| Untracked 
|  52|0x000000008ac00000, 0x000000008ac00000, 0x000000008ad00000|  0%| F|  |TAMS 0x000000008ac00000| PB 0x000000008ac00000| Untracked 
|  53|0x000000008ad00000, 0x000000008ad00000, 0x000000008ae00000|  0%| F|  |TAMS 0x000000008ad00000| PB 0x000000008ad00000| Untracked 
|  54|0x000000008ae00000, 0x000000008ae00000, 0x000000008af00000|  0%| F|  |TAMS 0x000000008ae00000| PB 0x000000008ae00000| Untracked 
|  55|0x000000008af00000, 0x000000008af00000, 0x000000008b000000|  0%| F|  |TAMS 0x000000008af00000| PB 0x000000008af00000| Untracked 
|  56|0x000000008b000000, 0x000000008b000000, 0x000000008b100000|  0%| F|  |TAMS 0x000000008b000000| PB 0x000000008b000000| Untracked 
|  57|0x000000008b100000, 0x000000008b100000, 0x000000008b200000|  0%| F|  |TAMS 0x000000008b100000| PB 0x000000008b100000| Untracked 
|  58|0x000000008b200000, 0x000000008b200000, 0x000000008b300000|  0%| F|  |TAMS 0x000000008b200000| PB 0x000000008b200000| Untracked 
|  59|0x000000008b300000, 0x000000008b300000, 0x000000008b400000|  0%| F|  |TAMS 0x000000008b300000| PB 0x000000008b300000| Untracked 
|  60|0x000000008b400000, 0x000000008b400000, 0x000000008b500000|  0%| F|  |TAMS 0x000000008b400000| PB 0x000000008b400000| Untracked 
|  61|0x000000008b500000, 0x000000008b500000, 0x000000008b600000|  0%| F|  |TAMS 0x000000008b500000| PB 0x000000008b500000| Untracked 
|  62|0x000000008b600000, 0x000000008b600000, 0x000000008b700000|  0%| F|  |TAMS 0x000000008b600000| PB 0x000000008b600000| Untracked 
|  63|0x000000008b700000, 0x000000008b700000, 0x000000008b800000|  0%| F|  |TAMS 0x000000008b700000| PB 0x000000008b700000| Untracked 
|  64|0x000000008b800000, 0x000000008b800000, 0x000000008b900000|  0%| F|  |TAMS 0x000000008b800000| PB 0x000000008b800000| Untracked 
|  65|0x000000008b900000, 0x000000008b900000, 0x000000008ba00000|  0%| F|  |TAMS 0x000000008b900000| PB 0x000000008b900000| Untracked 
|  66|0x000000008ba00000, 0x000000008ba00000, 0x000000008bb00000|  0%| F|  |TAMS 0x000000008ba00000| PB 0x000000008ba00000| Untracked 
|  67|0x000000008bb00000, 0x000000008bb00000, 0x000000008bc00000|  0%| F|  |TAMS 0x000000008bb00000| PB 0x000000008bb00000| Untracked 
|  68|0x000000008bc00000, 0x000000008bc00000, 0x000000008bd00000|  0%| F|  |TAMS 0x000000008bc00000| PB 0x000000008bc00000| Untracked 
|  69|0x000000008bd00000, 0x000000008bd00000, 0x000000008be00000|  0%| F|  |TAMS 0x000000008bd00000| PB 0x000000008bd00000| Untracked 
|  70|0x000000008be00000, 0x000000008be00000, 0x000000008bf00000|  0%| F|  |TAMS 0x000000008be00000| PB 0x000000008be00000| Untracked 
|  71|0x000000008bf00000, 0x000000008bf00000, 0x000000008c000000|  0%| F|  |TAMS 0x000000008bf00000| PB 0x000000008bf00000| Untracked 
|  72|0x000000008c000000, 0x000000008c000000, 0x000000008c100000|  0%| F|  |TAMS 0x000000008c000000| PB 0x000000008c000000| Untracked 
|  73|0x000000008c100000, 0x000000008c100000, 0x000000008c200000|  0%| F|  |TAMS 0x000000008c100000| PB 0x000000008c100000| Untracked 
|  74|0x000000008c200000, 0x000000008c200000, 0x000000008c300000|  0%| F|  |TAMS 0x000000008c200000| PB 0x000000008c200000| Untracked 
|  75|0x000000008c300000, 0x000000008c300000, 0x000000008c400000|  0%| F|  |TAMS 0x000000008c300000| PB 0x000000008c300000| Untracked 
|  76|0x000000008c400000, 0x000000008c400000, 0x000000008c500000|  0%| F|  |TAMS 0x000000008c400000| PB 0x000000008c400000| Untracked 
|  77|0x000000008c500000, 0x000000008c500000, 0x000000008c600000|  0%| F|  |TAMS 0x000000008c500000| PB 0x000000008c500000| Untracked 
|  78|0x000000008c600000, 0x000000008c600000, 0x000000008c700000|  0%| F|  |TAMS 0x000000008c600000| PB 0x000000008c600000| Untracked 
|  79|0x000000008c700000, 0x000000008c700000, 0x000000008c800000|  0%| F|  |TAMS 0x000000008c700000| PB 0x000000008c700000| Untracked 
|  80|0x000000008c800000, 0x000000008c800000, 0x000000008c900000|  0%| F|  |TAMS 0x000000008c800000| PB 0x000000008c800000| Untracked 
|  81|0x000000008c900000, 0x000000008c900000, 0x000000008ca00000|  0%| F|  |TAMS 0x000000008c900000| PB 0x000000008c900000| Untracked 
|  82|0x000000008ca00000, 0x000000008ca00000, 0x000000008cb00000|  0%| F|  |TAMS 0x000000008ca00000| PB 0x000000008ca00000| Untracked 
|  83|0x000000008cb00000, 0x000000008cb00000, 0x000000008cc00000|  0%| F|  |TAMS 0x000000008cb00000| PB 0x000000008cb00000| Untracked 
|  84|0x000000008cc00000, 0x000000008cc00000, 0x000000008cd00000|  0%| F|  |TAMS 0x000000008cc00000| PB 0x000000008cc00000| Untracked 
|  85|0x000000008cd00000, 0x000000008cd00000, 0x000000008ce00000|  0%| F|  |TAMS 0x000000008cd00000| PB 0x000000008cd00000| Untracked 
|  86|0x000000008ce00000, 0x000000008ce00000, 0x000000008cf00000|  0%| F|  |TAMS 0x000000008ce00000| PB 0x000000008ce00000| Untracked 
|  87|0x000000008cf00000, 0x000000008cf00000, 0x000000008d000000|  0%| F|  |TAMS 0x000000008cf00000| PB 0x000000008cf00000| Untracked 
|  88|0x000000008d000000, 0x000000008d000000, 0x000000008d100000|  0%| F|  |TAMS 0x000000008d000000| PB 0x000000008d000000| Untracked 
|  89|0x000000008d100000, 0x000000008d100000, 0x000000008d200000|  0%| F|  |TAMS 0x000000008d100000| PB 0x000000008d100000| Untracked 
|  90|0x000000008d200000, 0x000000008d200000, 0x000000008d300000|  0%| F|  |TAMS 0x000000008d200000| PB 0x000000008d200000| Untracked 
|  91|0x000000008d300000, 0x000000008d300000, 0x000000008d400000|  0%| F|  |TAMS 0x000000008d300000| PB 0x000000008d300000| Untracked 
|  92|0x000000008d400000, 0x000000008d400000, 0x000000008d500000|  0%| F|  |TAMS 0x000000008d400000| PB 0x000000008d400000| Untracked 
|  93|0x000000008d500000, 0x000000008d500000, 0x000000008d600000|  0%| F|  |TAMS 0x000000008d500000| PB 0x000000008d500000| Untracked 
|  94|0x000000008d600000, 0x000000008d600000, 0x000000008d700000|  0%| F|  |TAMS 0x000000008d600000| PB 0x000000008d600000| Untracked 
|  95|0x000000008d700000, 0x000000008d700000, 0x000000008d800000|  0%| F|  |TAMS 0x000000008d700000| PB 0x000000008d700000| Untracked 
|  96|0x000000008d800000, 0x000000008d800000, 0x000000008d900000|  0%| F|  |TAMS 0x000000008d800000| PB 0x000000008d800000| Untracked 
|  97|0x000000008d900000, 0x000000008d900000, 0x000000008da00000|  0%| F|  |TAMS 0x000000008d900000| PB 0x000000008d900000| Untracked 
|  98|0x000000008da00000, 0x000000008da00000, 0x000000008db00000|  0%| F|  |TAMS 0x000000008da00000| PB 0x000000008da00000| Untracked 
|  99|0x000000008db00000, 0x000000008db00000, 0x000000008dc00000|  0%| F|  |TAMS 0x000000008db00000| PB 0x000000008db00000| Untracked 
| 100|0x000000008dc00000, 0x000000008dc00000, 0x000000008dd00000|  0%| F|  |TAMS 0x000000008dc00000| PB 0x000000008dc00000| Untracked 
| 101|0x000000008dd00000, 0x000000008dd00000, 0x000000008de00000|  0%| F|  |TAMS 0x000000008dd00000| PB 0x000000008dd00000| Untracked 
| 102|0x000000008de00000, 0x000000008de00000, 0x000000008df00000|  0%| F|  |TAMS 0x000000008de00000| PB 0x000000008de00000| Untracked 
| 103|0x000000008df00000, 0x000000008df00000, 0x000000008e000000|  0%| F|  |TAMS 0x000000008df00000| PB 0x000000008df00000| Untracked 
| 104|0x000000008e000000, 0x000000008e000000, 0x000000008e100000|  0%| F|  |TAMS 0x000000008e000000| PB 0x000000008e000000| Untracked 
| 105|0x000000008e100000, 0x000000008e100000, 0x000000008e200000|  0%| F|  |TAMS 0x000000008e100000| PB 0x000000008e100000| Untracked 
| 106|0x000000008e200000, 0x000000008e200000, 0x000000008e300000|  0%| F|  |TAMS 0x000000008e200000| PB 0x000000008e200000| Untracked 
| 107|0x000000008e300000, 0x000000008e300000, 0x000000008e400000|  0%| F|  |TAMS 0x000000008e300000| PB 0x000000008e300000| Untracked 
| 108|0x000000008e400000, 0x000000008e400000, 0x000000008e500000|  0%| F|  |TAMS 0x000000008e400000| PB 0x000000008e400000| Untracked 
| 109|0x000000008e500000, 0x000000008e500000, 0x000000008e600000|  0%| F|  |TAMS 0x000000008e500000| PB 0x000000008e500000| Untracked 
| 110|0x000000008e600000, 0x000000008e600000, 0x000000008e700000|  0%| F|  |TAMS 0x000000008e600000| PB 0x000000008e600000| Untracked 
| 111|0x000000008e700000, 0x000000008e700000, 0x000000008e800000|  0%| F|  |TAMS 0x000000008e700000| PB 0x000000008e700000| Untracked 
| 112|0x000000008e800000, 0x000000008e800000, 0x000000008e900000|  0%| F|  |TAMS 0x000000008e800000| PB 0x000000008e800000| Untracked 
| 113|0x000000008e900000, 0x000000008ea00000, 0x000000008ea00000|100%| E|  |TAMS 0x000000008e900000| PB 0x000000008e900000| Complete 
| 114|0x000000008ea00000, 0x000000008eb00000, 0x000000008eb00000|100%| E|CS|TAMS 0x000000008ea00000| PB 0x000000008ea00000| Complete 
| 115|0x000000008eb00000, 0x000000008ec00000, 0x000000008ec00000|100%| E|CS|TAMS 0x000000008eb00000| PB 0x000000008eb00000| Complete 
| 116|0x000000008ec00000, 0x000000008ed00000, 0x000000008ed00000|100%| E|CS|TAMS 0x000000008ec00000| PB 0x000000008ec00000| Complete 
| 117|0x000000008ed00000, 0x000000008ee00000, 0x000000008ee00000|100%| E|CS|TAMS 0x000000008ed00000| PB 0x000000008ed00000| Complete 
| 118|0x000000008ee00000, 0x000000008eeffc20, 0x000000008ef00000| 99%| E|  |TAMS 0x000000008ee00000| PB 0x000000008ee00000| Complete 
| 119|0x000000008ef00000, 0x000000008f000000, 0x000000008f000000|100%| E|CS|TAMS 0x000000008ef00000| PB 0x000000008ef00000| Complete 
| 120|0x000000008f000000, 0x000000008f100000, 0x000000008f100000|100%| E|CS|TAMS 0x000000008f000000| PB 0x000000008f000000| Complete 
| 121|0x000000008f100000, 0x000000008f200000, 0x000000008f200000|100%| E|CS|TAMS 0x000000008f100000| PB 0x000000008f100000| Complete 
|1926|0x00000000ffe00000, 0x00000000fff00000, 0x00000000fff00000|100%| O|  |TAMS 0x00000000ffe00000| PB 0x00000000ffe00000| Untracked 
|1927|0x00000000fff00000, 0x00000000fff0bb38, 0x0000000100000000|  4%| O|  |TAMS 0x00000000fff00000| PB 0x00000000fff00000| Untracked 

Card table byte_map: [0x000075bfd42eb000,0x000075bfd46af000] _byte_map_base: 0x000075bfd3eaf000

Marking Bits: (CMBitMap*) 0x000075bfd0082990
 Bits: [0x000075bfbb1e0000, 0x000075bfbd000000)

Polling page: 0x000075bfd6e5b000

Metaspace:

Usage:
  Non-class:      4.87 MB used.
      Class:    601.84 KB used.
       Both:      5.45 MB used.

Virtual space:
  Non-class space:       64.00 MB reserved,       4.94 MB (  8%) committed,  1 nodes.
      Class space:        1.00 GB reserved,     704.00 KB ( <1%) committed,  1 nodes.
             Both:        1.06 GB reserved,       5.62 MB ( <1%) committed. 

Chunk freelists:
   Non-Class:  11.06 MB
       Class:  15.19 MB
        Both:  26.26 MB

MaxMetaspaceSize: unlimited
CompressedClassSpaceSize: 1.00 GB
Initial GC threshold: 21.00 MB
Current GC threshold: 21.00 MB
CDS: on
 - commit_granule_bytes: 65536.
 - commit_granule_words: 8192.
 - virtual_space_node_default_size: 8388608.
 - enlarge_chunks_in_place: 1.
 - use_allocation_guard: 0.


Internal statistics:

num_allocs_failed_limit: 0.
num_arena_births: 130.
num_arena_deaths: 0.
num_vsnodes_births: 2.
num_vsnodes_deaths: 0.
num_space_committed: 90.
num_space_uncommitted: 0.
num_chunks_returned_to_freelist: 0.
num_chunks_taken_from_freelist: 199.
num_chunk_merges: 0.
num_chunk_splits: 130.
num_chunks_enlarged: 77.
num_inconsistent_stats: 0.

CodeHeap 'non-profiled nmethods': size=120028Kb used=210Kb max_used=210Kb free=119817Kb
 bounds [0x000075bfc4ac9000, 0x000075bfc4d39000, 0x000075bfcc000000]
CodeHeap 'profiled nmethods': size=120028Kb used=951Kb max_used=951Kb free=119076Kb
 bounds [0x000075bfbd000000, 0x000075bfbd270000, 0x000075bfc4537000]
CodeHeap 'non-nmethods': size=5704Kb used=1487Kb max_used=1500Kb free=4216Kb
 bounds [0x000075bfc4537000, 0x000075bfc47a7000, 0x000075bfc4ac9000]
 total_blobs=1145 nmethods=663 adapters=388
 compilation: enabled
              stopped_count=0, restarted_count=0
 full_count=0

Compilation events (20 events):
Event: 0.303 Thread 0x000075bfd0164df0  654       3       java.lang.invoke.DirectMethodHandle::preparedLambdaForm (6 bytes)
Event: 0.303 Thread 0x000075bfd0164df0 nmethod 654 0x000075bfbd0eb690 code [0x000075bfbd0eb840, 0x000075bfbd0eb960]
Event: 0.303 Thread 0x000075bfd0164df0  655       1       java.net.URL::getAuthority (5 bytes)
Event: 0.303 Thread 0x000075bfd0164df0 nmethod 655 0x000075bfc4afc190 code [0x000075bfc4afc320, 0x000075bfc4afc3e0]
Event: 0.303 Thread 0x000075bfd0164df0  656       1       java.net.URL::getPath (5 bytes)
Event: 0.303 Thread 0x000075bfd0164df0 nmethod 656 0x000075bfc4afc490 code [0x000075bfc4afc620, 0x000075bfc4afc6e0]
Event: 0.303 Thread 0x000075bfd0164df0  657       1       java.net.URL::getQuery (5 bytes)
Event: 0.303 Thread 0x000075bfd0164df0 nmethod 657 0x000075bfc4afc790 code [0x000075bfc4afc920, 0x000075bfc4afc9e0]
Event: 0.303 Thread 0x000075bfd0164df0  658       1       java.net.URL::getRef (5 bytes)
Event: 0.303 Thread 0x000075bfd0164df0 nmethod 658 0x000075bfc4afca90 code [0x000075bfc4afcc20, 0x000075bfc4afcce0]
Event: 0.303 Thread 0x000075bfd0163740 nmethod 653 0x000075bfc4afcd90 code [0x000075bfc4afcf20, 0x000075bfc4afd0b0]
Event: 0.304 Thread 0x000075bfd0164df0  659       1       java.net.URL::getPort (5 bytes)
Event: 0.304 Thread 0x000075bfd0164df0 nmethod 659 0x000075bfc4afd210 code [0x000075bfc4afd3a0, 0x000075bfc4afd460]
Event: 0.304 Thread 0x000075bfd0164df0  660       3       jdk.internal.misc.Unsafe::checkPrimitivePointer (19 bytes)
Event: 0.304 Thread 0x000075bfd0164df0 nmethod 660 0x000075bfbd0eba10 code [0x000075bfbd0ebc20, 0x000075bfbd0ec208]
Event: 0.304 Thread 0x000075bfd0164df0  661       3       jdk.internal.misc.Unsafe::checkPointer (19 bytes)
Event: 0.305 Thread 0x000075bfd0164df0 nmethod 661 0x000075bfbd0ec490 code [0x000075bfbd0ec660, 0x000075bfbd0ec9e0]
Event: 0.305 Thread 0x000075bfd0164df0  663       3       jdk.internal.org.objectweb.asm.MethodWriter::visitLabel (330 bytes)
Event: 0.306 Thread 0x000075bfd0164df0 nmethod 663 0x000075bfbd0ecb90 code [0x000075bfbd0ece20, 0x000075bfbd0edb08]
Event: 0.306 Thread 0x000075bfd0164df0  664       3       java.lang.invoke.DirectMethodHandle::<init> (148 bytes)

GC Heap History (0 events):
No events

Dll operation events (6 events):
Event: 0.003 Loaded shared library /snap/intellij-idea-ultimate/573/jbr/lib/libjava.so
Event: 0.034 Loaded shared library /snap/intellij-idea-ultimate/573/jbr/lib/libzip.so
Event: 0.047 Loaded shared library /snap/intellij-idea-ultimate/573/jbr/lib/libnio.so
Event: 0.051 Loaded shared library /snap/intellij-idea-ultimate/573/jbr/lib/libzip.so
Event: 0.122 Loaded shared library /snap/intellij-idea-ultimate/573/jbr/lib/libjimage.so
Event: 0.156 Loaded shared library /snap/intellij-idea-ultimate/573/jbr/lib/libnet.so

Deoptimization events (6 events):
Event: 0.264 Thread 0x000075bfd002b120 DEOPT PACKING pc=0x000075bfbd02a07c sp=0x000075bfd559d9b0
Event: 0.264 Thread 0x000075bfd002b120 DEOPT UNPACKING pc=0x000075bfc458f14f sp=0x000075bfd559ce68 mode 0
Event: 0.265 Thread 0x000075bfd002b120 DEOPT PACKING pc=0x000075bfbd02a07c sp=0x000075bfd559d9b0
Event: 0.265 Thread 0x000075bfd002b120 DEOPT UNPACKING pc=0x000075bfc458f14f sp=0x000075bfd559ce68 mode 0
Event: 0.301 Thread 0x000075bfd002b120 DEOPT PACKING pc=0x000075bfbd02a8c8 sp=0x000075bfd559e780
Event: 0.301 Thread 0x000075bfd002b120 DEOPT UNPACKING pc=0x000075bfc458f14f sp=0x000075bfd559dbc0 mode 0

Classes loaded (20 events):
Event: 0.293 Loading class java/util/Formatter$FixedString
Event: 0.293 Loading class java/util/Formatter$FixedString done
Event: 0.299 Loading class sun/net/spi/DefaultProxySelector$NonProxyInfo
Event: 0.299 Loading class sun/net/spi/DefaultProxySelector$NonProxyInfo done
Event: 0.299 Loading class sun/net/spi/DefaultProxySelector$3
Event: 0.299 Loading class sun/net/spi/DefaultProxySelector$3 done
Event: 0.301 Loading class java/net/URISyntaxException
Event: 0.301 Loading class java/net/URISyntaxException done
Event: 0.301 Loading class java/util/Base64
Event: 0.301 Loading class java/util/Base64 done
Event: 0.301 Loading class java/util/Base64$Encoder
Event: 0.301 Loading class java/util/Base64$Encoder done
Event: 0.302 Loading class java/lang/MatchException
Event: 0.302 Loading class java/lang/MatchException done
Event: 0.303 Loading class java/net/URLPermission
Event: 0.303 Loading class java/net/URLPermission done
Event: 0.307 Loading class java/util/concurrent/CompletableFuture$UniCompose
Event: 0.307 Loading class java/util/concurrent/CompletableFuture$UniCompletion
Event: 0.307 Loading class java/util/concurrent/CompletableFuture$UniCompletion done
Event: 0.307 Loading class java/util/concurrent/CompletableFuture$UniCompose done

Classes unloaded (0 events):
No events

Classes redefined (0 events):
No events

Internal exceptions (20 events):
Event: 0.203 Thread 0x000075bfd002b120 Exception <a 'java/lang/NoSuchMethodError'{0x000000008ed9a1c0}: 'int java.lang.invoke.DirectMethodHandle$Holder.invokeSpecial(java.lang.Object, java.lang.Object, java.lang.Object)'> (0x000000008ed9a1c0) 
thrown [src/hotspot/share/interpreter/linkResolver.cpp, line 783]
Event: 0.204 Thread 0x000075bfd002b120 Exception <a 'java/lang/NoSuchMethodError'{0x000000008ed9fc18}: 'int java.lang.invoke.DirectMethodHandle$Holder.invokeStaticInit(java.lang.Object, java.lang.Object)'> (0x000000008ed9fc18) 
thrown [src/hotspot/share/interpreter/linkResolver.cpp, line 783]
Event: 0.204 Thread 0x000075bfd002b120 Exception <a 'java/lang/NoSuchMethodError'{0x000000008eda5578}: 'int java.lang.invoke.DirectMethodHandle$Holder.invokeSpecialIFC(java.lang.Object, java.lang.Object, java.lang.Object)'> (0x000000008eda5578) 
thrown [src/hotspot/share/interpreter/linkResolver.cpp, line 783]
Event: 0.213 Thread 0x000075bfd002b120 Exception <a 'java/lang/NoSuchMethodError'{0x000000008edd50a0}: 'java.lang.Object java.lang.invoke.DirectMethodHandle$Holder.invokeStaticInit(java.lang.Object, java.lang.Object, java.lang.Object, java.lang.Object, java.lang.Object, java.lang.Object, java.lang.Object)'> (0x000000008edd50a0) 
thrown [src/hotspot/share/interpreter/linkResolver.cpp, line 783]
Event: 0.214 Thread 0x000075bfd002b120 Exception <a 'java/lang/NoSuchMethodError'{0x000000008edde4e0}: 'java.lang.Object java.lang.invoke.Invokers$Holder.invoke_MT(java.lang.Object, java.lang.Object, java.lang.Object, java.lang.Object, java.lang.Object, java.lang.Object, java.lang.Object, java.lang.Object, java.lang.Object, java.lang.Object)'> (0x000000008edde4e0) 
thrown [src/hotspot/share/interpreter/linkResolver.cpp, line 783]
Event: 0.217 Thread 0x000075bfd002b120 Exception <a 'java/lang/NoSuchMethodError'{0x000000008edf3608}: 'void java.lang.invoke.DelegatingMethodHandle$Holder.delegate(java.lang.Object, java.lang.Object, int, java.lang.Object)'> (0x000000008edf3608) 
thrown [src/hotspot/share/interpreter/linkResolver.cpp, line 783]
Event: 0.221 Thread 0x000075bfd002b120 Exception <a 'java/lang/NoSuchMethodError'{0x000000008ec15958}: 'int java.lang.invoke.DirectMethodHandle$Holder.invokeVirtual(java.lang.Object, java.lang.Object, java.lang.Object)'> (0x000000008ec15958) 
thrown [src/hotspot/share/interpreter/linkResolver.cpp, line 783]
Event: 0.221 Thread 0x000075bfd002b120 Exception <a 'java/lang/NoSuchMethodError'{0x000000008ec19018}: 'int java.lang.invoke.DirectMethodHandle$Holder.invokeVirtual(java.lang.Object, java.lang.Object)'> (0x000000008ec19018) 
thrown [src/hotspot/share/interpreter/linkResolver.cpp, line 783]
Event: 0.222 Thread 0x000075bfd002b120 Exception <a 'java/lang/NoSuchMethodError'{0x000000008ec1d390}: 'int java.lang.invoke.DirectMethodHandle$Holder.invokeStaticInit(java.lang.Object, int, int)'> (0x000000008ec1d390) 
thrown [src/hotspot/share/interpreter/linkResolver.cpp, line 783]
Event: 0.222 Thread 0x000075bfd002b120 Exception <a 'java/lang/NoSuchMethodError'{0x000000008ec249a0}: 'int java.lang.invoke.DirectMethodHandle$Holder.invokeStaticInit(java.lang.Object, long, long)'> (0x000000008ec249a0) 
thrown [src/hotspot/share/interpreter/linkResolver.cpp, line 783]
Event: 0.223 Thread 0x000075bfd002b120 Exception <a 'java/lang/NoSuchMethodError'{0x000000008ec2b438}: 'int java.lang.invoke.DirectMethodHandle$Holder.invokeStaticInit(java.lang.Object, float, float)'> (0x000000008ec2b438) 
thrown [src/hotspot/share/interpreter/linkResolver.cpp, line 783]
Event: 0.223 Thread 0x000075bfd002b120 Exception <a 'java/lang/NoSuchMethodError'{0x000000008ec31ec8}: 'int java.lang.invoke.DirectMethodHandle$Holder.invokeStaticInit(java.lang.Object, double, double)'> (0x000000008ec31ec8) 
thrown [src/hotspot/share/interpreter/linkResolver.cpp, line 783]
Event: 0.224 Thread 0x000075bfd002b120 Exception <a 'java/lang/NoSuchMethodError'{0x000000008ec36550}: 'int java.lang.invoke.DirectMethodHandle$Holder.invokeStatic(java.lang.Object, long)'> (0x000000008ec36550) 
thrown [src/hotspot/share/interpreter/linkResolver.cpp, line 783]
Event: 0.228 Thread 0x000075bfd002b120 Exception <a 'java/lang/NoSuchMethodError'{0x000000008ec5fbe8}: 'java.lang.Object java.lang.invoke.DirectMethodHandle$Holder.invokeSpecial(java.lang.Object, java.lang.Object, int, java.lang.Object, java.lang.Object)'> (0x000000008ec5fbe8) 
thrown [src/hotspot/share/interpreter/linkResolver.cpp, line 783]
Event: 0.228 Thread 0x000075bfd002b120 Exception <a 'java/lang/NoSuchMethodError'{0x000000008ec63578}: 'java.lang.Object java.lang.invoke.DelegatingMethodHandle$Holder.delegate(java.lang.Object, int, java.lang.Object, java.lang.Object)'> (0x000000008ec63578) 
thrown [src/hotspot/share/interpreter/linkResolver.cpp, line 783]
Event: 0.229 Thread 0x000075bfd002b120 Exception <a 'java/lang/NoSuchMethodError'{0x000000008ec72810}: 'int java.lang.invoke.Invokers$Holder.linkToTargetMethod(java.lang.Object, java.lang.Object, java.lang.Object)'> (0x000000008ec72810) 
thrown [src/hotspot/share/interpreter/linkResolver.cpp, line 783]
Event: 0.233 Thread 0x000075bfd002b120 Exception <a 'java/lang/NoSuchMethodError'{0x000000008eca4988}: 'long java.lang.invoke.DirectMethodHandle$Holder.invokeSpecial(java.lang.Object, java.lang.Object)'> (0x000000008eca4988) 
thrown [src/hotspot/share/interpreter/linkResolver.cpp, line 783]
Event: 0.234 Thread 0x000075bfd002b120 Exception <a 'java/lang/NoSuchMethodError'{0x000000008ecab1f0}: 'int java.lang.invoke.DirectMethodHandle$Holder.invokeStatic(java.lang.Object, java.lang.Object, java.lang.Object, java.lang.Object)'> (0x000000008ecab1f0) 
thrown [src/hotspot/share/interpreter/linkResolver.cpp, line 783]
Event: 0.234 Thread 0x000075bfd002b120 Exception <a 'java/lang/NoSuchMethodError'{0x000000008ecae610}: 'java.lang.Object java.lang.invoke.Invokers$Holder.invokeExact_MT(java.lang.Object, java.lang.Object, java.lang.Object, java.lang.Object, java.lang.Object, java.lang.Object)'> (0x000000008ecae610) 
thrown [src/hotspot/share/interpreter/linkResolver.cpp, line 783]
Event: 0.296 Thread 0x000075bfd002b120 Exception <a 'java/lang/NoSuchMethodError'{0x000000008e91c5d8}: 'java.lang.Object java.lang.invoke.DirectMethodHandle$Holder.newInvokeSpecial(java.lang.Object, java.lang.Object, java.lang.Object, java.lang.Object, java.lang.Object)'> (0x000000008e91c5d8) 
thrown [src/hotspot/share/interpreter/linkResolver.cpp, line 783]

ZGC Phase Switch (0 events):
No events

VM Operations (2 events):
Event: 0.235 Executing VM operation: HandshakeAllThreads (Deoptimize)
Event: 0.235 Executing VM operation: HandshakeAllThreads (Deoptimize) done

Memory protections (11 events):
Event: 0.002 Protecting memory [0x000075bfd54a1000,0x000075bfd54a5000] with protection modes 0
Event: 0.037 Protecting memory [0x000075bfb81da000,0x000075bfb81de000] with protection modes 0
Event: 0.037 Protecting memory [0x000075bfb80da000,0x000075bfb80de000] with protection modes 0
Event: 0.037 Protecting memory [0x000075bfb3900000,0x000075bfb3904000] with protection modes 0
Event: 0.038 Protecting memory [0x000075bfb3800000,0x000075bfb3804000] with protection modes 0
Event: 0.038 Protecting memory [0x000075bfb3700000,0x000075bfb3704000] with protection modes 0
Event: 0.038 Protecting memory [0x000075bfb3600000,0x000075bfb3604000] with protection modes 0
Event: 0.038 Protecting memory [0x000075bfb3500000,0x000075bfb3504000] with protection modes 0
Event: 0.043 Protecting memory [0x000075bfb3400000,0x000075bfb3404000] with protection modes 0
Event: 0.045 Protecting memory [0x000075bfb3300000,0x000075bfb3304000] with protection modes 0
Event: 0.292 Protecting memory [0x000075bfb3200000,0x000075bfb3204000] with protection modes 0

Nmethod flushes (0 events):
No events

Events (11 events):
Event: 0.023 Thread 0x000075bfd002b120 Thread added: 0x000075bfd002b120
Event: 0.037 Thread 0x000075bfd002b120 Thread added: 0x000075bfd015c360
Event: 0.037 Thread 0x000075bfd002b120 Thread added: 0x000075bfd015d8c0
Event: 0.037 Thread 0x000075bfd002b120 Thread added: 0x000075bfd015f050
Event: 0.038 Thread 0x000075bfd002b120 Thread added: 0x000075bfd0160680
Event: 0.038 Thread 0x000075bfd002b120 Thread added: 0x000075bfd0161c10
Event: 0.038 Thread 0x000075bfd002b120 Thread added: 0x000075bfd0163740
Event: 0.038 Thread 0x000075bfd002b120 Thread added: 0x000075bfd0164df0
Event: 0.043 Thread 0x000075bfd002b120 Thread added: 0x000075bfd0171a00
Event: 0.045 Thread 0x000075bfd002b120 Thread added: 0x000075bfd0174cc0
Event: 0.292 Thread 0x000075bfd002b120 Thread added: 0x000075bfd02a1730


Dynamic libraries:
87800000-8f200000 rw-p 00000000 00:00 0 
8f200000-ffe00000 ---p 00000000 00:00 0 
ffe00000-fff0c000 rw-p 00d70000 07:0c 518                                /snap/intellij-idea-ultimate/573/jbr/lib/server/classes.jsa
fff0c000-100000000 rw-p 00000000 00:00 0 
5906539e8000-5906539e9000 r--p 00000000 07:0c 30                         /snap/intellij-idea-ultimate/573/jbr/bin/java
5906539e9000-5906539ea000 r-xp 00001000 07:0c 30                         /snap/intellij-idea-ultimate/573/jbr/bin/java
5906539ea000-5906539eb000 r--p 00002000 07:0c 30                         /snap/intellij-idea-ultimate/573/jbr/bin/java
5906539eb000-5906539ec000 r--p 00002000 07:0c 30                         /snap/intellij-idea-ultimate/573/jbr/bin/java
5906539ec000-5906539ed000 rw-p 00003000 07:0c 30                         /snap/intellij-idea-ultimate/573/jbr/bin/java
590684b73000-590684bba000 rw-p 00000000 00:00 0                          [heap]
75bf0c000000-75bf0c021000 rw-p 00000000 00:00 0 
75bf0c021000-75bf10000000 ---p 00000000 00:00 0 
75bf14000000-75bf14021000 rw-p 00000000 00:00 0 
75bf14021000-75bf18000000 ---p 00000000 00:00 0 
75bf18000000-75bf18021000 rw-p 00000000 00:00 0 
75bf18021000-75bf1c000000 ---p 00000000 00:00 0 
75bf20000000-75bf2018c000 rw-p 00000000 00:00 0 
75bf2018c000-75bf24000000 ---p 00000000 00:00 0 
75bf24000000-75bf24195000 rw-p 00000000 00:00 0 
75bf24195000-75bf28000000 ---p 00000000 00:00 0 
75bf2c000000-75bf2c021000 rw-p 00000000 00:00 0 
75bf2c021000-75bf30000000 ---p 00000000 00:00 0 
75bf30000000-75bf30021000 rw-p 00000000 00:00 0 
75bf30021000-75bf34000000 ---p 00000000 00:00 0 
75bf38000000-75bf38021000 rw-p 00000000 00:00 0 
75bf38021000-75bf3c000000 ---p 00000000 00:00 0 
75bf3c000000-75bf3c021000 rw-p 00000000 00:00 0 
75bf3c021000-75bf40000000 ---p 00000000 00:00 0 
75bf44000000-75bf44021000 rw-p 00000000 00:00 0 
75bf44021000-75bf48000000 ---p 00000000 00:00 0 
75bf48000000-75bf48021000 rw-p 00000000 00:00 0 
75bf48021000-75bf4c000000 ---p 00000000 00:00 0 
75bf50000000-75bf503f0000 rw-p 00000000 00:00 0 
75bf503f0000-75bf504f0000 rw-p 00000000 00:00 0 
75bf504f0000-75bf54000000 ---p 00000000 00:00 0 
75bf54000000-75bf54021000 rw-p 00000000 00:00 0 
75bf54021000-75bf58000000 ---p 00000000 00:00 0 
75bf5b000000-75bf5bd2e000 rw-p 00001000 07:0c 518                        /snap/intellij-idea-ultimate/573/jbr/lib/server/classes.jsa
75bf5bd2e000-75bf5c000000 ---p 00000000 00:00 0 
75bf5c000000-75bf5c010000 rw-p 00000000 00:00 0 
75bf5c010000-75bf5c030000 rw-p 00000000 00:00 0 
75bf5c030000-75bf5c0a0000 rw-p 00000000 00:00 0 
75bf5c0a0000-75bf5c0c0000 ---p 00000000 00:00 0 
75bf5c0c0000-75bf5c0d0000 rw-p 00000000 00:00 0 
75bf5c0d0000-75bf9c000000 ---p 00000000 00:00 0 
75bf9c000000-75bf9c021000 rw-p 00000000 00:00 0 
75bf9c021000-75bfa0000000 ---p 00000000 00:00 0 
75bfa0000000-75bfa0021000 rw-p 00000000 00:00 0 
75bfa0021000-75bfa4000000 ---p 00000000 00:00 0 
75bfa8000000-75bfa8021000 rw-p 00000000 00:00 0 
75bfa8021000-75bfac000000 ---p 00000000 00:00 0 
75bfac000000-75bfac021000 rw-p 00000000 00:00 0 
75bfac021000-75bfb0000000 ---p 00000000 00:00 0 
75bfb2d8d000-75bfb3200000 rw-p 00000000 00:00 0 
75bfb3200000-75bfb3204000 ---p 00000000 00:00 0 
75bfb3204000-75bfb3300000 rw-p 00000000 00:00 0 
75bfb3300000-75bfb3304000 ---p 00000000 00:00 0 
75bfb3304000-75bfb3400000 rw-p 00000000 00:00 0 
75bfb3400000-75bfb3404000 ---p 00000000 00:00 0 
75bfb3404000-75bfb3500000 rw-p 00000000 00:00 0 
75bfb3500000-75bfb3504000 ---p 00000000 00:00 0 
75bfb3504000-75bfb3600000 rw-p 00000000 00:00 0 
75bfb3600000-75bfb3604000 ---p 00000000 00:00 0 
75bfb3604000-75bfb3700000 rw-p 00000000 00:00 0 
75bfb3700000-75bfb3704000 ---p 00000000 00:00 0 
75bfb3704000-75bfb3800000 rw-p 00000000 00:00 0 
75bfb3800000-75bfb3804000 ---p 00000000 00:00 0 
75bfb3804000-75bfb3900000 rw-p 00000000 00:00 0 
75bfb3900000-75bfb3904000 ---p 00000000 00:00 0 
75bfb3904000-75bfb3a00000 rw-p 00000000 00:00 0 
75bfb3a00000-75bfb3f75000 r--p 00000000 103:06 6165485                   /usr/lib/locale/locale-archive
75bfb4000000-75bfb4021000 rw-p 00000000 00:00 0 
75bfb4021000-75bfb8000000 ---p 00000000 00:00 0 
75bfb80da000-75bfb80de000 ---p 00000000 00:00 0 
75bfb80de000-75bfb81da000 rw-p 00000000 00:00 0 
75bfb81da000-75bfb81de000 ---p 00000000 00:00 0 
75bfb81de000-75bfb82da000 rw-p 00000000 00:00 0 
75bfb82da000-75bfb82db000 ---p 00000000 00:00 0 
75bfb82db000-75bfb83db000 rw-p 00000000 00:00 0 
75bfb83db000-75bfb83dc000 ---p 00000000 00:00 0 
75bfb83dc000-75bfb84dc000 rw-p 00000000 00:00 0 
75bfb85f6000-75bfb85f7000 ---p 00000000 00:00 0 
75bfb85f7000-75bfb86f7000 rw-p 00000000 00:00 0 
75bfb86f7000-75bfb86f8000 ---p 00000000 00:00 0 
75bfb86f8000-75bfb87f8000 rw-p 00000000 00:00 0 
75bfb87f8000-75bfbb000000 rw-p 00000000 00:00 0 
75bfbb003000-75bfbb0df000 rw-p 00000000 00:00 0 
75bfbb0df000-75bfbb0e0000 ---p 00000000 00:00 0 
75bfbb0e0000-75bfbb1e0000 rw-p 00000000 00:00 0 
75bfbb1e0000-75bfbb3c8000 rw-p 00000000 00:00 0 
75bfbb3c8000-75bfbcff8000 ---p 00000000 00:00 0 
75bfbcff8000-75bfbd000000 rw-p 00000000 00:00 0 
75bfbd000000-75bfbd270000 rwxp 00000000 00:00 0 
75bfbd270000-75bfc4537000 ---p 00000000 00:00 0 
75bfc4537000-75bfc47a7000 rwxp 00000000 00:00 0 
75bfc47a7000-75bfc4ac9000 ---p 00000000 00:00 0 
75bfc4ac9000-75bfc4d39000 rwxp 00000000 00:00 0 
75bfc4d39000-75bfcc000000 ---p 00000000 00:00 0 
75bfcc035000-75bfcc038000 r--p 00000000 07:0c 436                        /snap/intellij-idea-ultimate/573/jbr/lib/libnet.so
75bfcc038000-75bfcc040000 r-xp 00003000 07:0c 436                        /snap/intellij-idea-ultimate/573/jbr/lib/libnet.so
75bfcc040000-75bfcc042000 r--p 0000b000 07:0c 436                        /snap/intellij-idea-ultimate/573/jbr/lib/libnet.so
75bfcc042000-75bfcc043000 ---p 0000d000 07:0c 436                        /snap/intellij-idea-ultimate/573/jbr/lib/libnet.so
75bfcc043000-75bfcc044000 r--p 0000d000 07:0c 436                        /snap/intellij-idea-ultimate/573/jbr/lib/libnet.so
75bfcc044000-75bfcc045000 rw-p 00000000 00:00 0 
75bfcc045000-75bfd0000000 r--s 00000000 07:0c 508                        /snap/intellij-idea-ultimate/573/jbr/lib/modules
75bfd0000000-75bfd02f1000 rw-p 00000000 00:00 0 
75bfd02f1000-75bfd4000000 ---p 00000000 00:00 0 
75bfd4003000-75bfd400a000 r--s 00000000 103:06 6186328                   /usr/lib/x86_64-linux-gnu/gconv/gconv-modules.cache
75bfd400a000-75bfd4011000 r--p 00000000 07:0c 439                        /snap/intellij-idea-ultimate/573/jbr/lib/libnio.so
75bfd4011000-75bfd401a000 r-xp 00007000 07:0c 439                        /snap/intellij-idea-ultimate/573/jbr/lib/libnio.so
75bfd401a000-75bfd401e000 r--p 00010000 07:0c 439                        /snap/intellij-idea-ultimate/573/jbr/lib/libnio.so
75bfd401e000-75bfd401f000 ---p 00014000 07:0c 439                        /snap/intellij-idea-ultimate/573/jbr/lib/libnio.so
75bfd401f000-75bfd4020000 r--p 00014000 07:0c 439                        /snap/intellij-idea-ultimate/573/jbr/lib/libnio.so
75bfd4020000-75bfd4021000 rw-p 00015000 07:0c 439                        /snap/intellij-idea-ultimate/573/jbr/lib/libnio.so
75bfd4021000-75bfd4023000 r--p 00000000 07:0c 451                        /snap/intellij-idea-ultimate/573/jbr/lib/libzip.so
75bfd4023000-75bfd4027000 r-xp 00002000 07:0c 451                        /snap/intellij-idea-ultimate/573/jbr/lib/libzip.so
75bfd4027000-75bfd4029000 r--p 00006000 07:0c 451                        /snap/intellij-idea-ultimate/573/jbr/lib/libzip.so
75bfd4029000-75bfd402a000 r--p 00007000 07:0c 451                        /snap/intellij-idea-ultimate/573/jbr/lib/libzip.so
75bfd402a000-75bfd406c000 rw-p 00000000 00:00 0 
75bfd406c000-75bfd406d000 ---p 00000000 00:00 0 
75bfd406d000-75bfd416d000 rw-p 00000000 00:00 0 
75bfd416d000-75bfd416e000 ---p 00000000 00:00 0 
75bfd416e000-75bfd426e000 rw-p 00000000 00:00 0 
75bfd426e000-75bfd4328000 rw-p 00000000 00:00 0 
75bfd4328000-75bfd46ae000 ---p 00000000 00:00 0 
75bfd46ae000-75bfd46ec000 rw-p 00000000 00:00 0 
75bfd46ec000-75bfd4a72000 ---p 00000000 00:00 0 
75bfd4a72000-75bfd5280000 rw-p 00000000 00:00 0 
75bfd5280000-75bfd5366000 ---p 00000000 00:00 0 
75bfd5366000-75bfd536b000 rw-p 00000000 00:00 0 
75bfd536b000-75bfd5451000 ---p 00000000 00:00 0 
75bfd5451000-75bfd5456000 rw-p 00000000 00:00 0 
75bfd5456000-75bfd545d000 ---p 00000000 00:00 0 
75bfd545d000-75bfd546a000 r--p 00000000 07:0c 416                        /snap/intellij-idea-ultimate/573/jbr/lib/libjava.so
75bfd546a000-75bfd5478000 r-xp 0000d000 07:0c 416                        /snap/intellij-idea-ultimate/573/jbr/lib/libjava.so
75bfd5478000-75bfd547d000 r--p 0001b000 07:0c 416                        /snap/intellij-idea-ultimate/573/jbr/lib/libjava.so
75bfd547d000-75bfd547e000 ---p 00020000 07:0c 416                        /snap/intellij-idea-ultimate/573/jbr/lib/libjava.so
75bfd547e000-75bfd547f000 r--p 00020000 07:0c 416                        /snap/intellij-idea-ultimate/573/jbr/lib/libjava.so
75bfd547f000-75bfd5480000 rw-p 00021000 07:0c 416                        /snap/intellij-idea-ultimate/573/jbr/lib/libjava.so
75bfd5480000-75bfd5481000 rw-p 00000000 00:00 0 
75bfd5481000-75bfd5484000 r--p 00000000 07:0c 421                        /snap/intellij-idea-ultimate/573/jbr/lib/libjimage.so
75bfd5484000-75bfd5498000 r-xp 00003000 07:0c 421                        /snap/intellij-idea-ultimate/573/jbr/lib/libjimage.so
75bfd5498000-75bfd549e000 r--p 00017000 07:0c 421                        /snap/intellij-idea-ultimate/573/jbr/lib/libjimage.so
75bfd549e000-75bfd54a0000 r--p 0001c000 07:0c 421                        /snap/intellij-idea-ultimate/573/jbr/lib/libjimage.so
75bfd54a0000-75bfd54a1000 rw-p 0001e000 07:0c 421                        /snap/intellij-idea-ultimate/573/jbr/lib/libjimage.so
75bfd54a1000-75bfd54a5000 ---p 00000000 00:00 0 
75bfd54a5000-75bfd55a1000 rw-p 00000000 00:00 0 
75bfd55a1000-75bfd55b1000 r--p 00000000 103:06 6186616                   /usr/lib/x86_64-linux-gnu/libm.so.6
75bfd55b1000-75bfd5630000 r-xp 00010000 103:06 6186616                   /usr/lib/x86_64-linux-gnu/libm.so.6
75bfd5630000-75bfd5688000 r--p 0008f000 103:06 6186616                   /usr/lib/x86_64-linux-gnu/libm.so.6
75bfd5688000-75bfd5689000 r--p 000e7000 103:06 6186616                   /usr/lib/x86_64-linux-gnu/libm.so.6
75bfd5689000-75bfd568a000 rw-p 000e8000 103:06 6186616                   /usr/lib/x86_64-linux-gnu/libm.so.6
75bfd568a000-75bfd568b000 r--p 00000000 103:06 6186674                   /usr/lib/x86_64-linux-gnu/librt.so.1
75bfd568b000-75bfd568c000 r-xp 00001000 103:06 6186674                   /usr/lib/x86_64-linux-gnu/librt.so.1
75bfd568c000-75bfd568d000 r--p 00002000 103:06 6186674                   /usr/lib/x86_64-linux-gnu/librt.so.1
75bfd568d000-75bfd568e000 r--p 00002000 103:06 6186674                   /usr/lib/x86_64-linux-gnu/librt.so.1
75bfd568e000-75bfd568f000 rw-p 00003000 103:06 6186674                   /usr/lib/x86_64-linux-gnu/librt.so.1
75bfd568f000-75bfd5932000 r--p 00000000 07:0c 521                        /snap/intellij-idea-ultimate/573/jbr/lib/server/libjvm.so
75bfd5932000-75bfd679f000 r-xp 002a3000 07:0c 521                        /snap/intellij-idea-ultimate/573/jbr/lib/server/libjvm.so
75bfd679f000-75bfd6a85000 r--p 01110000 07:0c 521                        /snap/intellij-idea-ultimate/573/jbr/lib/server/libjvm.so
75bfd6a85000-75bfd6a86000 ---p 013f6000 07:0c 521                        /snap/intellij-idea-ultimate/573/jbr/lib/server/libjvm.so
75bfd6a86000-75bfd6b5a000 r--p 013f6000 07:0c 521                        /snap/intellij-idea-ultimate/573/jbr/lib/server/libjvm.so
75bfd6b5a000-75bfd6b8a000 rw-p 014ca000 07:0c 521                        /snap/intellij-idea-ultimate/573/jbr/lib/server/libjvm.so
75bfd6b8a000-75bfd6c00000 rw-p 00000000 00:00 0 
75bfd6c00000-75bfd6c28000 r--p 00000000 103:06 6186613                   /usr/lib/x86_64-linux-gnu/libc.so.6
75bfd6c28000-75bfd6db0000 r-xp 00028000 103:06 6186613                   /usr/lib/x86_64-linux-gnu/libc.so.6
75bfd6db0000-75bfd6dff000 r--p 001b0000 103:06 6186613                   /usr/lib/x86_64-linux-gnu/libc.so.6
75bfd6dff000-75bfd6e03000 r--p 001fe000 103:06 6186613                   /usr/lib/x86_64-linux-gnu/libc.so.6
75bfd6e03000-75bfd6e05000 rw-p 00202000 103:06 6186613                   /usr/lib/x86_64-linux-gnu/libc.so.6
75bfd6e05000-75bfd6e12000 rw-p 00000000 00:00 0 
75bfd6e12000-75bfd6e16000 rw-p 00000000 00:00 0 
75bfd6e16000-75bfd6e17000 r--p 00000000 103:06 6186615                   /usr/lib/x86_64-linux-gnu/libdl.so.2
75bfd6e17000-75bfd6e18000 r-xp 00001000 103:06 6186615                   /usr/lib/x86_64-linux-gnu/libdl.so.2
75bfd6e18000-75bfd6e19000 r--p 00002000 103:06 6186615                   /usr/lib/x86_64-linux-gnu/libdl.so.2
75bfd6e19000-75bfd6e1a000 r--p 00002000 103:06 6186615                   /usr/lib/x86_64-linux-gnu/libdl.so.2
75bfd6e1a000-75bfd6e1b000 rw-p 00003000 103:06 6186615                   /usr/lib/x86_64-linux-gnu/libdl.so.2
75bfd6e1b000-75bfd6e1c000 r--p 00000000 103:06 6186625                   /usr/lib/x86_64-linux-gnu/libpthread.so.0
75bfd6e1c000-75bfd6e1d000 r-xp 00001000 103:06 6186625                   /usr/lib/x86_64-linux-gnu/libpthread.so.0
75bfd6e1d000-75bfd6e1e000 r--p 00002000 103:06 6186625                   /usr/lib/x86_64-linux-gnu/libpthread.so.0
75bfd6e1e000-75bfd6e1f000 r--p 00002000 103:06 6186625                   /usr/lib/x86_64-linux-gnu/libpthread.so.0
75bfd6e1f000-75bfd6e20000 rw-p 00003000 103:06 6186625                   /usr/lib/x86_64-linux-gnu/libpthread.so.0
75bfd6e20000-75bfd6e22000 r--p 00000000 07:0c 422                        /snap/intellij-idea-ultimate/573/jbr/lib/libjli.so
75bfd6e22000-75bfd6e2c000 r-xp 00002000 07:0c 422                        /snap/intellij-idea-ultimate/573/jbr/lib/libjli.so
75bfd6e2c000-75bfd6e2f000 r--p 0000c000 07:0c 422                        /snap/intellij-idea-ultimate/573/jbr/lib/libjli.so
75bfd6e2f000-75bfd6e30000 ---p 0000f000 07:0c 422                        /snap/intellij-idea-ultimate/573/jbr/lib/libjli.so
75bfd6e30000-75bfd6e31000 r--p 0000f000 07:0c 422                        /snap/intellij-idea-ultimate/573/jbr/lib/libjli.so
75bfd6e31000-75bfd6e32000 rw-p 00010000 07:0c 422                        /snap/intellij-idea-ultimate/573/jbr/lib/libjli.so
75bfd6e32000-75bfd6e34000 r--p 00000000 103:06 6172436                   /usr/lib/x86_64-linux-gnu/libz.so.1.3
75bfd6e34000-75bfd6e46000 r-xp 00002000 103:06 6172436                   /usr/lib/x86_64-linux-gnu/libz.so.1.3
75bfd6e46000-75bfd6e4c000 r--p 00014000 103:06 6172436                   /usr/lib/x86_64-linux-gnu/libz.so.1.3
75bfd6e4c000-75bfd6e4d000 r--p 0001a000 103:06 6172436                   /usr/lib/x86_64-linux-gnu/libz.so.1.3
75bfd6e4d000-75bfd6e4e000 rw-p 0001b000 103:06 6172436                   /usr/lib/x86_64-linux-gnu/libz.so.1.3
75bfd6e53000-75bfd6e5b000 rw-s 00000000 103:06 13500489                  /tmp/hsperfdata_anubhav/16475
75bfd6e5b000-75bfd6e5c000 ---p 00000000 00:00 0 
75bfd6e5c000-75bfd6e5d000 r--p 00000000 00:00 0 
75bfd6e5d000-75bfd6e5e000 ---p 00000000 00:00 0 
75bfd6e5e000-75bfd6e60000 rw-p 00000000 00:00 0 
75bfd6e60000-75bfd6e64000 r--p 00000000 00:00 0                          [vvar]
75bfd6e64000-75bfd6e66000 r-xp 00000000 00:00 0                          [vdso]
75bfd6e66000-75bfd6e67000 r--p 00000000 103:06 6186387                   /usr/lib/x86_64-linux-gnu/ld-linux-x86-64.so.2
75bfd6e67000-75bfd6e92000 r-xp 00001000 103:06 6186387                   /usr/lib/x86_64-linux-gnu/ld-linux-x86-64.so.2
75bfd6e92000-75bfd6e9c000 r--p 0002c000 103:06 6186387                   /usr/lib/x86_64-linux-gnu/ld-linux-x86-64.so.2
75bfd6e9c000-75bfd6e9e000 r--p 00036000 103:06 6186387                   /usr/lib/x86_64-linux-gnu/ld-linux-x86-64.so.2
75bfd6e9e000-75bfd6ea0000 rw-p 00038000 103:06 6186387                   /usr/lib/x86_64-linux-gnu/ld-linux-x86-64.so.2
7ffdb07fe000-7ffdb081f000 rw-p 00000000 00:00 0                          [stack]
ffffffffff600000-ffffffffff601000 --xp 00000000 00:00 0                  [vsyscall]
Total number of mappings: 206


VM Arguments:
jvm_args: -Dawt.toolkit.name=XToolkit 
java_command: git4idea.http.GitAskPassApp Password for 'https://anubhavraj687@github.com': 
java_class_path (initial): /snap/intellij-idea-ultimate/573/plugins/vcs-git/lib/git4idea-rt.jar:/snap/intellij-idea-ultimate/573/lib/externalProcess-rt.jar
Launcher Type: SUN_STANDARD

[Global flags]
     intx CICompilerCount                          = 4                                         {product} {ergonomic}
     uint ConcGCThreads                            = 2                                         {product} {ergonomic}
     uint G1ConcRefinementThreads                  = 8                                         {product} {ergonomic}
   size_t G1HeapRegionSize                         = 1048576                                   {product} {ergonomic}
    uintx GCDrainStackTargetSize                   = 64                                        {product} {ergonomic}
   size_t InitialHeapSize                          = 127926272                                 {product} {ergonomic}
   size_t MarkStackSize                            = 4194304                                   {product} {ergonomic}
   size_t MaxHeapSize                              = 2021654528                                {product} {ergonomic}
   size_t MaxNewSize                               = 1212153856                                {product} {ergonomic}
   size_t MinHeapDeltaBytes                        = 1048576                                   {product} {ergonomic}
   size_t MinHeapSize                              = 8388608                                   {product} {ergonomic}
    uintx NonNMethodCodeHeapSize                   = 5839372                                {pd product} {ergonomic}
    uintx NonProfiledCodeHeapSize                  = 122909434                              {pd product} {ergonomic}
    uintx ProfiledCodeHeapSize                     = 122909434                              {pd product} {ergonomic}
    uintx ReservedCodeCacheSize                    = 251658240                              {pd product} {ergonomic}
     bool SegmentedCodeCache                       = true                                      {product} {ergonomic}
   size_t SoftMaxHeapSize                          = 2021654528                             {manageable} {ergonomic}
     bool UseCompressedOops                        = true                           {product lp64_product} {ergonomic}
     bool UseG1GC                                  = true                                      {product} {ergonomic}

Logging:
Log output configuration:
 #0: stdout all=warning uptime,level,tags foldmultilines=false
 #1: stderr all=off uptime,level,tags foldmultilines=false

Environment Variables:
JAVA_HOME=/usr/lib/jvm/jdk-23.0.2-oracle-x64
PATH=/usr/lib/git-core:/usr/lib/git-core:/usr/local/sbin:/usr/local/bin:/usr/sbin:/usr/bin:/sbin:/bin:/usr/games:/usr/local/games:/snap/bin:/snap/bin
USERNAME=anubhav
SHELL=/bin/bash
DISPLAY=:0
LANG=en_US.UTF-8
LC_ALL=en_US.UTF-8

Active Locale:
LC_ALL=en_US.UTF-8
LC_COLLATE=en_US.UTF-8
LC_CTYPE=en_US.UTF-8
LC_MESSAGES=en_US.UTF-8
LC_MONETARY=en_US.UTF-8
LC_NUMERIC=en_US.UTF-8
LC_TIME=en_US.UTF-8

Signal Handlers:
   SIGSEGV: crash_handler in libjvm.so, mask=11100100010111111101111111111110, flags=SA_RESTART|SA_SIGINFO, unblocked
    SIGBUS: crash_handler in libjvm.so, mask=11100100010111111101111111111110, flags=SA_RESTART|SA_SIGINFO, unblocked
    SIGFPE: crash_handler in libjvm.so, mask=11100100010111111101111111111110, flags=SA_RESTART|SA_SIGINFO, unblocked
   SIGPIPE: javaSignalHandler in libjvm.so, mask=11100100010111111101111111111110, flags=SA_RESTART|SA_SIGINFO, blocked
   SIGXFSZ: javaSignalHandler in libjvm.so, mask=11100100010111111101111111111110, flags=SA_RESTART|SA_SIGINFO, blocked
    SIGILL: crash_handler in libjvm.so, mask=11100100010111111101111111111110, flags=SA_RESTART|SA_SIGINFO, unblocked
   SIGUSR2: SR_handler in libjvm.so, mask=00000000000000000000000000000000, flags=SA_RESTART|SA_SIGINFO, blocked
    SIGHUP: UserHandler in libjvm.so, mask=11100100010111111101111111111110, flags=SA_RESTART|SA_SIGINFO, blocked
    SIGINT: UserHandler in libjvm.so, mask=11100100010111111101111111111110, flags=SA_RESTART|SA_SIGINFO, blocked
   SIGTERM: UserHandler in libjvm.so, mask=11100100010111111101111111111110, flags=SA_RESTART|SA_SIGINFO, blocked
   SIGQUIT: UserHandler in libjvm.so, mask=11100100010111111101111111111110, flags=SA_RESTART|SA_SIGINFO, blocked
   SIGTRAP: crash_handler in libjvm.so, mask=11100100010111111101111111111110, flags=SA_RESTART|SA_SIGINFO, unblocked


Periodic native trim disabled

JNI global refs:
JNI global refs: 9, weak refs: 0

JNI global refs memory usage: 859, weak refs: 857

Process memory usage:
Resident Set Size: 72172K (0% of 7894500K total physical memory with 2189080K free physical memory)

OOME stack traces (most recent first):
Classloader memory used:
Loader bootstrap                                                                       : 4652K
Loader jdk.internal.loader.ClassLoaders$PlatformClassLoader                            : 916K
Loader jdk.internal.loader.ClassLoaders$AppClassLoader                                 : 16408B

---------------  S Y S T E M  ---------------

OS:
DISTRIB_ID=Ubuntu
DISTRIB_RELEASE=24.04
DISTRIB_CODENAME=noble
DISTRIB_DESCRIPTION="Ubuntu 24.04.2 LTS"
uname: Linux 6.11.0-17-generic #17~24.04.2-Ubuntu SMP PREEMPT_DYNAMIC Mon Jan 20 22:48:29 UTC 2 x86_64
OS uptime: 0 days 0:45 hours
libc: glibc 2.39 NPTL 2.39 
rlimit (soft/hard): STACK 8192k/infinity , CORE 0k/infinity , NPROC 30250/30250 , NOFILE 1048576/1048576 , AS infinity/infinity , CPU infinity/infinity , DATA infinity/infinity , FSIZE infinity/infinity , MEMLOCK 986812k/986812k
load average: 1.73 1.31 1.07

/proc/meminfo:
MemTotal:        7894500 kB
MemFree:          364804 kB
MemAvailable:    2189080 kB
Buffers:           32112 kB
Cached:          2547716 kB
SwapCached:        32136 kB
Active:          2936592 kB
Inactive:        3794676 kB
Active(anon):    1973584 kB
Inactive(anon):  2788216 kB
Active(file):     963008 kB
Inactive(file):  1006460 kB
Unevictable:       99560 kB
Mlocked:              48 kB
SwapTotal:       4194300 kB
SwapFree:        3488508 kB
Zswap:                 0 kB
Zswapped:              0 kB
Dirty:               432 kB
Writeback:             0 kB
AnonPages:       4240560 kB
Mapped:          1059728 kB
Shmem:            610140 kB
KReclaimable:     165584 kB
Slab:             479336 kB
SReclaimable:     165584 kB
SUnreclaim:       313752 kB
KernelStack:       21760 kB
PageTables:        63244 kB
SecPageTables:      4660 kB
NFS_Unstable:          0 kB
Bounce:                0 kB
WritebackTmp:          0 kB
CommitLimit:     8141548 kB
Committed_AS:   25955012 kB
VmallocTotal:   34359738367 kB
VmallocUsed:       60800 kB
VmallocChunk:          0 kB
Percpu:             7168 kB
HardwareCorrupted:     0 kB
AnonHugePages:         0 kB
ShmemHugePages:   309248 kB
ShmemPmdMapped:        0 kB
FileHugePages:         0 kB
FilePmdMapped:         0 kB
Unaccepted:            0 kB
HugePages_Total:       0
HugePages_Free:        0
HugePages_Rsvd:        0
HugePages_Surp:        0
Hugepagesize:       2048 kB
Hugetlb:               0 kB
DirectMap4k:      198592 kB
DirectMap2M:     4806656 kB
DirectMap1G:     3145728 kB

/sys/kernel/mm/transparent_hugepage/enabled: always [madvise] never
/sys/kernel/mm/transparent_hugepage/hpage_pmd_size: 2097152
/sys/kernel/mm/transparent_hugepage/defrag (defrag/compaction efforts parameter): always defer defer+madvise [madvise] never

Process Memory:
Virtual Size: 4741892K (peak: 4803972K)
Resident Set Size: 72300K (peak: 72300K) (anon: 40828K, file: 31472K, shmem: 0K)
Swapped out: 0K
C-Heap outstanding allocations: 28227K, retained: 2456K
glibc malloc tunables: (default)

/proc/sys/kernel/threads-max (system-wide limit on the number of threads): 60501
/proc/sys/vm/max_map_count (maximum number of memory map areas a process may have): 1048576
/proc/sys/vm/swappiness (control to define how aggressively the kernel swaps out anonymous memory): 60
/proc/sys/kernel/pid_max (system-wide limit on number of process identifiers): 4194304

container (cgroup) information:
container_type: cgroupv2
cpu_cpuset_cpus: not supported
cpu_memory_nodes: not supported
active_processor_count: 8
cpu_quota: not supported
cpu_period: not supported
cpu_shares: not supported
memory_limit_in_bytes: unlimited
memory_and_swap_limit_in_bytes: unlimited
memory_soft_limit_in_bytes: unlimited
memory_usage_in_bytes: 3045248 k
memory_max_usage_in_bytes: not supported
memory_swap_current_in_bytes: unlimited
memory_swap_max_limit_in_bytes: unlimited
maximum number of tasks: 9075
current number of tasks: 167

Steal ticks since vm start: 0
Steal ticks percentage since vm start:  0.000

CPU: total 8 (initial active 8) (4 cores per cpu, 2 threads per core) family 6 model 140 stepping 1 microcode 0xb8, cx8, cmov, fxsr, ht, mmx, 3dnowpref, sse, sse2, sse3, ssse3, sse4.1, sse4.2, popcnt, lzcnt, tsc, tscinvbit, avx, avx2, aes, erms, clmul, bmi1, bmi2, adx, avx512f, avx512dq, avx512cd, avx512bw, avx512vl, sha, fma, vzeroupper, avx512_vpopcntdq, avx512_vpclmulqdq, avx512_vaes, avx512_vnni, clflush, clflushopt, clwb, avx512_vbmi2, avx512_vbmi, rdtscp, rdpid, fsrm, gfni, avx512_bitalg, f16c, pku, ospke, cet_ibt, cet_ss, avx512_ifma
CPU Model and flags from /proc/cpuinfo:
model name	: 11th Gen Intel(R) Core(TM) i3-1125G4 @ 2.00GHz
flags		: fpu vme de pse tsc msr pae mce cx8 apic sep mtrr pge mca cmov pat pse36 clflush dts acpi mmx fxsr sse sse2 ss ht tm pbe syscall nx pdpe1gb rdtscp lm constant_tsc art arch_perfmon pebs bts rep_good nopl xtopology nonstop_tsc cpuid aperfmperf tsc_known_freq pni pclmulqdq dtes64 monitor ds_cpl vmx est tm2 ssse3 sdbg fma cx16 xtpr pdcm pcid sse4_1 sse4_2 x2apic movbe popcnt tsc_deadline_timer aes xsave avx f16c rdrand lahf_lm abm 3dnowprefetch cpuid_fault epb cat_l2 cdp_l2 ssbd ibrs ibpb stibp ibrs_enhanced tpr_shadow flexpriority ept vpid ept_ad fsgsbase tsc_adjust bmi1 avx2 smep bmi2 erms invpcid rdt_a avx512f avx512dq rdseed adx smap avx512ifma clflushopt clwb intel_pt avx512cd sha_ni avx512bw avx512vl xsaveopt xsavec xgetbv1 xsaves split_lock_detect user_shstk dtherm ida arat pln pts hwp hwp_notify hwp_act_window hwp_epp hwp_pkg_req vnmi avx512vbmi umip pku ospke avx512_vbmi2 gfni vaes vpclmulqdq avx512_vnni avx512_bitalg avx512_vpopcntdq rdpid movdiri movdir64b fsrm avx512_vp2intersect md_clear ibt flush_l1d arch_capabilities

Online cpus: 0-7
Offline cpus: 
BIOS frequency limitation: <Not Available>
Frequency switch latency (ns): 0
Available cpu frequencies: <Not Available>
Current governor: powersave
Core performance/turbo boost: <Not Available>

Memory: 4k page, physical 7894500k(2189080k free), swap 4194300k(3488508k free)
Page Sizes: 4k

vm_info: OpenJDK 64-Bit Server VM (21.0.6+8-b631.39) for linux-amd64 JRE (21.0.6+8-b631.39), built on 2025-02-04 by "builduser" with gcc 10.2.1 20210130 (Red Hat 10.2.1-11.1.0.1)

END.
